${DEVKIT_HOME}/target/var/log/packages/attr-2.4.47.log
${DEVKIT_HOME}/target/usr/bin/setfattr
${DEVKIT_HOME}/target/usr/bin/getfattr
${DEVKIT_HOME}/target/usr/bin/attr
${DEVKIT_HOME}/target/usr/lib/libattr.so.1
${DEVKIT_HOME}/target/usr/lib/libattr.so.1.1.0
${DEVKIT_HOME}/target/usr/share/locale/cs/LC_MESSAGES/attr.mo
${DEVKIT_HOME}/target/usr/share/locale/sv/LC_MESSAGES/attr.mo
${DEVKIT_HOME}/target/usr/share/locale/es/LC_MESSAGES/attr.mo
${DEVKIT_HOME}/target/usr/share/locale/de/LC_MESSAGES/attr.mo
${DEVKIT_HOME}/target/usr/share/locale/nl/LC_MESSAGES/attr.mo
${DEVKIT_HOME}/target/usr/share/locale/fr/LC_MESSAGES/attr.mo
${DEVKIT_HOME}/target/usr/share/locale/gl/LC_MESSAGES/attr.mo
${DEVKIT_HOME}/target/usr/share/locale/pl/LC_MESSAGES/attr.mo
${DEVKIT_HOME}/target/usr/share/doc/attr/CHANGES.gz
${DEVKIT_HOME}/target/usr/share/doc/attr/PORTING
${DEVKIT_HOME}/target/usr/share/doc/attr/COPYING.LGPL
${DEVKIT_HOME}/target/usr/share/doc/attr/COPYING
${DEVKIT_HOME}/target/usr/share/doc/attr/README
${DEVKIT_HOME}/target/usr/share/man/man1/setfattr.1.gz
${DEVKIT_HOME}/target/usr/share/man/man1/attr.1.gz
${DEVKIT_HOME}/target/usr/share/man/man1/getfattr.1.gz
${DEVKIT_HOME}/target/usr/share/man/man5/attr.5.gz
