${DEVKIT_HOME}/target/bin/unlzop
${DEVKIT_HOME}/target/bin/[
${DEVKIT_HOME}/target/bin/run-parts
${DEVKIT_HOME}/target/bin/mv
${DEVKIT_HOME}/target/bin/iprule
${DEVKIT_HOME}/target/bin/uuencode
${DEVKIT_HOME}/target/bin/setarch
${DEVKIT_HOME}/target/bin/killall
${DEVKIT_HOME}/target/bin/lpr
${DEVKIT_HOME}/target/bin/dirname
${DEVKIT_HOME}/target/bin/su
${DEVKIT_HOME}/target/bin/dnsdomainname
${DEVKIT_HOME}/target/bin/nohup
${DEVKIT_HOME}/target/bin/ping
${DEVKIT_HOME}/target/bin/lzopcat
${DEVKIT_HOME}/target/bin/flock
${DEVKIT_HOME}/target/bin/logger
${DEVKIT_HOME}/target/bin/deluser
${DEVKIT_HOME}/target/bin/lzop
${DEVKIT_HOME}/target/bin/stat
${DEVKIT_HOME}/target/bin/uptime
${DEVKIT_HOME}/target/bin/setuidgid
${DEVKIT_HOME}/target/bin/head
${DEVKIT_HOME}/target/bin/sed
${DEVKIT_HOME}/target/bin/stty
${DEVKIT_HOME}/target/bin/softlimit
${DEVKIT_HOME}/target/bin/fsync
${DEVKIT_HOME}/target/bin/fgrep
${DEVKIT_HOME}/target/bin/lsattr
${DEVKIT_HOME}/target/bin/beep
${DEVKIT_HOME}/target/bin/fuser
${DEVKIT_HOME}/target/bin/mknod
${DEVKIT_HOME}/target/bin/netstat
${DEVKIT_HOME}/target/bin/traceroute
${DEVKIT_HOME}/target/bin/fdformat
${DEVKIT_HOME}/target/bin/fdflush
${DEVKIT_HOME}/target/bin/busybox
${DEVKIT_HOME}/target/bin/volname
${DEVKIT_HOME}/target/bin/makemime
${DEVKIT_HOME}/target/bin/id
${DEVKIT_HOME}/target/bin/timeout
${DEVKIT_HOME}/target/bin/echo
${DEVKIT_HOME}/target/bin/watch
${DEVKIT_HOME}/target/bin/reset
${DEVKIT_HOME}/target/bin/env
${DEVKIT_HOME}/target/bin/sync
${DEVKIT_HOME}/target/bin/tftp
${DEVKIT_HOME}/target/bin/unlzma
${DEVKIT_HOME}/target/bin/sh
${DEVKIT_HOME}/target/bin/more
${DEVKIT_HOME}/target/bin/openvt
${DEVKIT_HOME}/target/bin/xz
${DEVKIT_HOME}/target/bin/udpsvd
${DEVKIT_HOME}/target/bin/hostname
${DEVKIT_HOME}/target/bin/arping
${DEVKIT_HOME}/target/bin/ether-wake
${DEVKIT_HOME}/target/bin/chrt
${DEVKIT_HOME}/target/bin/vlock
${DEVKIT_HOME}/target/bin/printenv
${DEVKIT_HOME}/target/bin/showkey
${DEVKIT_HOME}/target/bin/bunzip2
${DEVKIT_HOME}/target/bin/pwd
${DEVKIT_HOME}/target/bin/ipcalc
${DEVKIT_HOME}/target/bin/ionice
${DEVKIT_HOME}/target/bin/zcat
${DEVKIT_HOME}/target/bin/df
${DEVKIT_HOME}/target/bin/lspci
${DEVKIT_HOME}/target/bin/ps
${DEVKIT_HOME}/target/bin/mkpasswd
${DEVKIT_HOME}/target/bin/runsv
${DEVKIT_HOME}/target/bin/sv
${DEVKIT_HOME}/target/bin/yes
${DEVKIT_HOME}/target/bin/free
${DEVKIT_HOME}/target/bin/envdir
${DEVKIT_HOME}/target/bin/less
${DEVKIT_HOME}/target/bin/nc
${DEVKIT_HOME}/target/bin/diff
${DEVKIT_HOME}/target/bin/linux32
${DEVKIT_HOME}/target/bin/egrep
${DEVKIT_HOME}/target/bin/printf
${DEVKIT_HOME}/target/bin/mesg
${DEVKIT_HOME}/target/bin/scriptreplay
${DEVKIT_HOME}/target/bin/date
${DEVKIT_HOME}/target/bin/rx
${DEVKIT_HOME}/target/bin/umount
${DEVKIT_HOME}/target/bin/kill
${DEVKIT_HOME}/target/bin/sha512sum
${DEVKIT_HOME}/target/bin/mktemp
${DEVKIT_HOME}/target/bin/pipe_progress
${DEVKIT_HOME}/target/bin/traceroute6
${DEVKIT_HOME}/target/bin/unix2dos
${DEVKIT_HOME}/target/bin/bzip2
${DEVKIT_HOME}/target/bin/setsid
${DEVKIT_HOME}/target/bin/cpio
${DEVKIT_HOME}/target/bin/bzcat
${DEVKIT_HOME}/target/bin/sha1sum
${DEVKIT_HOME}/target/bin/ip
${DEVKIT_HOME}/target/bin/addgroup
${DEVKIT_HOME}/target/bin/mkdir
${DEVKIT_HOME}/target/bin/expand
${DEVKIT_HOME}/target/bin/logname
${DEVKIT_HOME}/target/bin/cp
${DEVKIT_HOME}/target/bin/readahead
${DEVKIT_HOME}/target/bin/chat
${DEVKIT_HOME}/target/bin/adduser
${DEVKIT_HOME}/target/bin/last
${DEVKIT_HOME}/target/bin/unxz
${DEVKIT_HOME}/target/bin/reformime
${DEVKIT_HOME}/target/bin/rpm
${DEVKIT_HOME}/target/bin/pgrep
${DEVKIT_HOME}/target/bin/gunzip
${DEVKIT_HOME}/target/bin/dos2unix
${DEVKIT_HOME}/target/bin/gzip
${DEVKIT_HOME}/target/bin/uudecode
${DEVKIT_HOME}/target/bin/ln
${DEVKIT_HOME}/target/bin/who
${DEVKIT_HOME}/target/bin/test
${DEVKIT_HOME}/target/bin/cryptpw
${DEVKIT_HOME}/target/bin/true
${DEVKIT_HOME}/target/bin/uname
${DEVKIT_HOME}/target/bin/iptunnel
${DEVKIT_HOME}/target/bin/clear
${DEVKIT_HOME}/target/bin/chown
${DEVKIT_HOME}/target/bin/nmeter
${DEVKIT_HOME}/target/bin/fold
${DEVKIT_HOME}/target/bin/tty
${DEVKIT_HOME}/target/bin/kbd_mode
${DEVKIT_HOME}/target/bin/xargs
${DEVKIT_HOME}/target/bin/hostid
${DEVKIT_HOME}/target/bin/cal
${DEVKIT_HOME}/target/bin/tr
${DEVKIT_HOME}/target/bin/md5sum
${DEVKIT_HOME}/target/bin/tar
${DEVKIT_HOME}/target/bin/tac
${DEVKIT_HOME}/target/bin/wall
${DEVKIT_HOME}/target/bin/catv
${DEVKIT_HOME}/target/bin/tftpd
${DEVKIT_HOME}/target/bin/length
${DEVKIT_HOME}/target/bin/ftpput
${DEVKIT_HOME}/target/bin/tcpsvd
${DEVKIT_HOME}/target/bin/ftpget
${DEVKIT_HOME}/target/bin/linux64
${DEVKIT_HOME}/target/bin/mkfifo
${DEVKIT_HOME}/target/bin/touch
${DEVKIT_HOME}/target/bin/passwd
${DEVKIT_HOME}/target/bin/top
${DEVKIT_HOME}/target/bin/strings
${DEVKIT_HOME}/target/bin/usleep
${DEVKIT_HOME}/target/bin/ls
${DEVKIT_HOME}/target/bin/setkeycodes
${DEVKIT_HOME}/target/bin/unexpand
${DEVKIT_HOME}/target/bin/rmdir
${DEVKIT_HOME}/target/bin/cksum
${DEVKIT_HOME}/target/bin/deallocvt
${DEVKIT_HOME}/target/bin/ed
${DEVKIT_HOME}/target/bin/iproute
${DEVKIT_HOME}/target/bin/lzma
${DEVKIT_HOME}/target/bin/patch
${DEVKIT_HOME}/target/bin/ipcs
${DEVKIT_HOME}/target/bin/mountpoint
${DEVKIT_HOME}/target/bin/chmod
${DEVKIT_HOME}/target/bin/rm
${DEVKIT_HOME}/target/bin/microcom
${DEVKIT_HOME}/target/bin/resize
${DEVKIT_HOME}/target/bin/uniq
${DEVKIT_HOME}/target/bin/killall5
${DEVKIT_HOME}/target/bin/cat
${DEVKIT_HOME}/target/bin/split
${DEVKIT_HOME}/target/bin/sum
${DEVKIT_HOME}/target/bin/telnet
${DEVKIT_HOME}/target/bin/ping6
${DEVKIT_HOME}/target/bin/mount
${DEVKIT_HOME}/target/bin/lpq
${DEVKIT_HOME}/target/bin/pscan
${DEVKIT_HOME}/target/bin/ipcrm
${DEVKIT_HOME}/target/bin/rpm2cpio
${DEVKIT_HOME}/target/bin/mt
${DEVKIT_HOME}/target/bin/getopt
${DEVKIT_HOME}/target/bin/delgroup
${DEVKIT_HOME}/target/bin/wc
${DEVKIT_HOME}/target/bin/grep
${DEVKIT_HOME}/target/bin/nslookup
${DEVKIT_HOME}/target/bin/sha256sum
${DEVKIT_HOME}/target/bin/realpath
${DEVKIT_HOME}/target/bin/lsusb
${DEVKIT_HOME}/target/bin/unzip
${DEVKIT_HOME}/target/bin/login
${DEVKIT_HOME}/target/bin/chattr
${DEVKIT_HOME}/target/bin/whoami
${DEVKIT_HOME}/target/bin/wget
${DEVKIT_HOME}/target/bin/od
${DEVKIT_HOME}/target/bin/lzcat
${DEVKIT_HOME}/target/bin/smemcap
${DEVKIT_HOME}/target/bin/find
${DEVKIT_HOME}/target/bin/eject
${DEVKIT_HOME}/target/bin/envuidgid
${DEVKIT_HOME}/target/bin/hexdump
${DEVKIT_HOME}/target/bin/awk
${DEVKIT_HOME}/target/bin/vi
${DEVKIT_HOME}/target/bin/ifplugd
${DEVKIT_HOME}/target/bin/ipaddr
${DEVKIT_HOME}/target/bin/chvt
${DEVKIT_HOME}/target/bin/rev
${DEVKIT_HOME}/target/bin/dumpkmap
${DEVKIT_HOME}/target/bin/nice
${DEVKIT_HOME}/target/bin/readlink
${DEVKIT_HOME}/target/bin/comm
${DEVKIT_HOME}/target/bin/hd
${DEVKIT_HOME}/target/bin/expr
${DEVKIT_HOME}/target/bin/du
${DEVKIT_HOME}/target/bin/iplink
${DEVKIT_HOME}/target/bin/[[
${DEVKIT_HOME}/target/bin/runsvdir
${DEVKIT_HOME}/target/bin/cmp
${DEVKIT_HOME}/target/bin/sort
${DEVKIT_HOME}/target/bin/install
${DEVKIT_HOME}/target/bin/rtcwake
${DEVKIT_HOME}/target/bin/sleep
${DEVKIT_HOME}/target/bin/false
${DEVKIT_HOME}/target/bin/cut
${DEVKIT_HOME}/target/bin/chgrp
${DEVKIT_HOME}/target/bin/dd
${DEVKIT_HOME}/target/bin/seq
${DEVKIT_HOME}/target/bin/cttyhack
${DEVKIT_HOME}/target/bin/dmesg
${DEVKIT_HOME}/target/bin/tail
${DEVKIT_HOME}/target/bin/pkill
${DEVKIT_HOME}/target/bin/ash
${DEVKIT_HOME}/target/bin/chpst
${DEVKIT_HOME}/target/bin/basename
${DEVKIT_HOME}/target/bin/dc
${DEVKIT_HOME}/target/bin/ttysize
${DEVKIT_HOME}/target/bin/tee
${DEVKIT_HOME}/target/bin/crontab
${DEVKIT_HOME}/target/bin/time
${DEVKIT_HOME}/target/bin/pidof
${DEVKIT_HOME}/target/bin/fgconsole
${DEVKIT_HOME}/target/bin/hush
${DEVKIT_HOME}/target/bin/renice
${DEVKIT_HOME}/target/bin/dumpleases
${DEVKIT_HOME}/target/bin/xzcat
${DEVKIT_HOME}/target/bin/script
${DEVKIT_HOME}/target/bin/which
${DEVKIT_HOME}/target/linuxrc
${DEVKIT_HOME}/target/var/log/packages/busybox-1.17.3.log
${DEVKIT_HOME}/target/sbin/chroot
${DEVKIT_HOME}/target/sbin/sysctl
${DEVKIT_HOME}/target/sbin/slattach
${DEVKIT_HOME}/target/sbin/lpd
${DEVKIT_HOME}/target/sbin/arp
${DEVKIT_HOME}/target/sbin/syslogd
${DEVKIT_HOME}/target/sbin/swapoff
${DEVKIT_HOME}/target/sbin/mkfs.ext2
${DEVKIT_HOME}/target/sbin/dnsd
${DEVKIT_HOME}/target/sbin/tunctl
${DEVKIT_HOME}/target/sbin/lsmod
${DEVKIT_HOME}/target/sbin/mdev
${DEVKIT_HOME}/target/sbin/findfs
${DEVKIT_HOME}/target/sbin/vconfig
${DEVKIT_HOME}/target/sbin/runlevel
${DEVKIT_HOME}/target/sbin/init
${DEVKIT_HOME}/target/sbin/httpd
${DEVKIT_HOME}/target/sbin/bootchartd
${DEVKIT_HOME}/target/sbin/fsck.minix
${DEVKIT_HOME}/target/sbin/setfont
${DEVKIT_HOME}/target/sbin/start-stop-daemon
${DEVKIT_HOME}/target/sbin/mkfs.vfat
${DEVKIT_HOME}/target/sbin/ntpd
${DEVKIT_HOME}/target/sbin/chpasswd
${DEVKIT_HOME}/target/sbin/setlogcons
${DEVKIT_HOME}/target/sbin/hwclock
${DEVKIT_HOME}/target/sbin/mke2fs
${DEVKIT_HOME}/target/sbin/rdev
${DEVKIT_HOME}/target/sbin/telnetd
${DEVKIT_HOME}/target/sbin/adjtimex
${DEVKIT_HOME}/target/sbin/nameif
${DEVKIT_HOME}/target/sbin/man
${DEVKIT_HOME}/target/sbin/fbset
${DEVKIT_HOME}/target/sbin/popmaildir
${DEVKIT_HOME}/target/sbin/pivot_root
${DEVKIT_HOME}/target/sbin/acpid
${DEVKIT_HOME}/target/sbin/fakeidentd
${DEVKIT_HOME}/target/sbin/ifconfig
${DEVKIT_HOME}/target/sbin/mkfs.minix
${DEVKIT_HOME}/target/sbin/ftpd
${DEVKIT_HOME}/target/sbin/klogd
${DEVKIT_HOME}/target/sbin/readprofile
${DEVKIT_HOME}/target/sbin/udhcpc
${DEVKIT_HOME}/target/sbin/switch_root
${DEVKIT_HOME}/target/sbin/devmem
${DEVKIT_HOME}/target/sbin/inetd
${DEVKIT_HOME}/target/sbin/loadkmap
${DEVKIT_HOME}/target/sbin/ifenslave
${DEVKIT_HOME}/target/sbin/loadfont
${DEVKIT_HOME}/target/sbin/crond
${DEVKIT_HOME}/target/sbin/fsck
${DEVKIT_HOME}/target/sbin/mkdosfs
${DEVKIT_HOME}/target/sbin/depmod
${DEVKIT_HOME}/target/sbin/setconsole
${DEVKIT_HOME}/target/sbin/fdisk
${DEVKIT_HOME}/target/sbin/halt
${DEVKIT_HOME}/target/sbin/dhcprelay
${DEVKIT_HOME}/target/sbin/route
${DEVKIT_HOME}/target/sbin/fbsplash
${DEVKIT_HOME}/target/sbin/modinfo
${DEVKIT_HOME}/target/sbin/udhcpd
${DEVKIT_HOME}/target/sbin/rmmod
${DEVKIT_HOME}/target/sbin/watchdog
${DEVKIT_HOME}/target/sbin/freeramdisk
${DEVKIT_HOME}/target/sbin/brctl
${DEVKIT_HOME}/target/sbin/mkswap
${DEVKIT_HOME}/target/sbin/insmod
${DEVKIT_HOME}/target/sbin/ifdown
${DEVKIT_HOME}/target/sbin/modprobe
${DEVKIT_HOME}/target/sbin/makedevs
${DEVKIT_HOME}/target/sbin/logread
${DEVKIT_HOME}/target/sbin/zcip
${DEVKIT_HOME}/target/sbin/sulogin
${DEVKIT_HOME}/target/sbin/swapon
${DEVKIT_HOME}/target/sbin/getty
${DEVKIT_HOME}/target/sbin/losetup
${DEVKIT_HOME}/target/sbin/poweroff
${DEVKIT_HOME}/target/sbin/hdparm
${DEVKIT_HOME}/target/sbin/rdate
${DEVKIT_HOME}/target/sbin/svlogd
${DEVKIT_HOME}/target/sbin/reboot
${DEVKIT_HOME}/target/sbin/raidautorun
${DEVKIT_HOME}/target/sbin/ifup
${DEVKIT_HOME}/target/sbin/blkid
${DEVKIT_HOME}/target/sbin/sendmail
