${DEVKIT_HOME}/target/var/log/packages/directfb-examples-1.7.0.log
${DEVKIT_HOME}/target/usr/bin/df_stress
${DEVKIT_HOME}/target/usr/bin/df_palette
${DEVKIT_HOME}/target/usr/bin/df_neo
${DEVKIT_HOME}/target/usr/bin/df_porter
${DEVKIT_HOME}/target/usr/bin/df_drivertest2
${DEVKIT_HOME}/target/usr/bin/df_andi3d
${DEVKIT_HOME}/target/usr/bin/df_stereo3d
${DEVKIT_HOME}/target/usr/bin/df_input
${DEVKIT_HOME}/target/usr/bin/df_matrix
${DEVKIT_HOME}/target/usr/bin/df_dok
${DEVKIT_HOME}/target/usr/bin/df_texture3d
${DEVKIT_HOME}/target/usr/bin/df_layer
${DEVKIT_HOME}/target/usr/bin/df_matrix_water
${DEVKIT_HOME}/target/usr/bin/df_cpuload
${DEVKIT_HOME}/target/usr/bin/df_bltload
${DEVKIT_HOME}/target/usr/bin/df_window
${DEVKIT_HOME}/target/usr/bin/pss
${DEVKIT_HOME}/target/usr/bin/df_databuffer
${DEVKIT_HOME}/target/usr/bin/df_fonts
${DEVKIT_HOME}/target/usr/bin/df_video
${DEVKIT_HOME}/target/usr/bin/df_knuckles
${DEVKIT_HOME}/target/usr/bin/df_video_particle
${DEVKIT_HOME}/target/usr/bin/df_drivertest
${DEVKIT_HOME}/target/usr/bin/df_andi
${DEVKIT_HOME}/target/usr/bin/df_texture
${DEVKIT_HOME}/target/usr/bin/df_dioload
${DEVKIT_HOME}/target/usr/bin/df_flip
${DEVKIT_HOME}/target/usr/bin/df_netload
${DEVKIT_HOME}/target/usr/bin/spacedream
${DEVKIT_HOME}/target/usr/bin/df_particle
${DEVKIT_HOME}/target/usr/bin/df_joystick
${DEVKIT_HOME}/target/usr/bin/df_fire
${DEVKIT_HOME}/target/usr/share/directfb-examples/gnome-foot.png
${DEVKIT_HOME}/target/usr/share/directfb-examples/testmask.png
${DEVKIT_HOME}/target/usr/share/directfb-examples/shot.png
${DEVKIT_HOME}/target/usr/share/directfb-examples/tux_alpha.png
${DEVKIT_HOME}/target/usr/share/directfb-examples/grid.gif
${DEVKIT_HOME}/target/usr/share/directfb-examples/gnu-keys.png
${DEVKIT_HOME}/target/usr/share/directfb-examples/background.jpg
${DEVKIT_HOME}/target/usr/share/directfb-examples/gnome-gimp.png
${DEVKIT_HOME}/target/usr/share/directfb-examples/colorkeyed.gif
${DEVKIT_HOME}/target/usr/share/directfb-examples/cursor.png
${DEVKIT_HOME}/target/usr/share/directfb-examples/melted.png
${DEVKIT_HOME}/target/usr/share/directfb-examples/gnome-applets.png
${DEVKIT_HOME}/target/usr/share/directfb-examples/texture.png
${DEVKIT_HOME}/target/usr/share/directfb-examples/dfblogo.png
${DEVKIT_HOME}/target/usr/share/directfb-examples/meter.png
${DEVKIT_HOME}/target/usr/share/directfb-examples/apple-red.png
${DEVKIT_HOME}/target/usr/share/directfb-examples/melted_rgb32.dfiff
${DEVKIT_HOME}/target/usr/share/directfb-examples/gnome-mouse.png
${DEVKIT_HOME}/target/usr/share/directfb-examples/destination_mask.png
${DEVKIT_HOME}/target/usr/share/directfb-examples/intro.png
${DEVKIT_HOME}/target/usr/share/directfb-examples/convergence.png
${DEVKIT_HOME}/target/usr/share/directfb-examples/joystick.png
${DEVKIT_HOME}/target/usr/share/directfb-examples/gnome-gmush.png
${DEVKIT_HOME}/target/usr/share/directfb-examples/pngtest2.png
${DEVKIT_HOME}/target/usr/share/directfb-examples/gnome-gsame.png
${DEVKIT_HOME}/target/usr/share/directfb-examples/fonts/decker.ttf
${DEVKIT_HOME}/target/usr/share/directfb-examples/fonts/decker.dgiff
${DEVKIT_HOME}/target/usr/share/directfb-examples/biglogo.png
${DEVKIT_HOME}/target/usr/share/directfb-examples/pngtest.png
${DEVKIT_HOME}/target/usr/share/directfb-examples/desktop.png
${DEVKIT_HOME}/target/usr/share/directfb-examples/card.png
${DEVKIT_HOME}/target/usr/share/directfb-examples/rose.png
${DEVKIT_HOME}/target/usr/share/directfb-examples/melted_rgb16.dfiff
${DEVKIT_HOME}/target/usr/share/directfb-examples/swirl.png
${DEVKIT_HOME}/target/usr/share/directfb-examples/smokey_light.jpg
${DEVKIT_HOME}/target/usr/share/directfb-examples/wood_andi.jpg
${DEVKIT_HOME}/target/usr/share/directfb-examples/tux.png
${DEVKIT_HOME}/target/usr/share/directfb-examples/melted.gif
${DEVKIT_HOME}/target/usr/share/directfb-examples/cursor_red.png
${DEVKIT_HOME}/target/usr/share/directfb-examples/melted.jpg
${DEVKIT_HOME}/target/usr/share/directfb-examples/spacedream/star2.png
${DEVKIT_HOME}/target/usr/share/directfb-examples/spacedream/star1.png
${DEVKIT_HOME}/target/usr/share/directfb-examples/spacedream/star3.png
${DEVKIT_HOME}/target/usr/share/directfb-examples/spacedream/star4.png
${DEVKIT_HOME}/target/usr/share/directfb-examples/gnome-calendar.png
${DEVKIT_HOME}/target/usr/share/directfb-examples/fish.png
