${DEVKIT_HOME}/target/var/log/packages/e2fsprogs-1.41.14.log
${DEVKIT_HOME}/target/sbin/fsck.ext3
${DEVKIT_HOME}/target/sbin/mkfs.ext2
${DEVKIT_HOME}/target/sbin/logsave
${DEVKIT_HOME}/target/sbin/tune2fs
${DEVKIT_HOME}/target/sbin/findfs
${DEVKIT_HOME}/target/sbin/mkfs.ext4dev
${DEVKIT_HOME}/target/sbin/debugfs
${DEVKIT_HOME}/target/sbin/mke2fs
${DEVKIT_HOME}/target/sbin/mkfs.ext3
${DEVKIT_HOME}/target/sbin/fsck.ext4
${DEVKIT_HOME}/target/sbin/e2undo
${DEVKIT_HOME}/target/sbin/e2fsck
${DEVKIT_HOME}/target/sbin/fsck.ext4dev
${DEVKIT_HOME}/target/sbin/filefrag
${DEVKIT_HOME}/target/sbin/mkfs.ext4
${DEVKIT_HOME}/target/sbin/e2label
${DEVKIT_HOME}/target/sbin/fsck
${DEVKIT_HOME}/target/sbin/e2freefrag
${DEVKIT_HOME}/target/sbin/e2image
${DEVKIT_HOME}/target/sbin/mklost+found
${DEVKIT_HOME}/target/sbin/dumpe2fs
${DEVKIT_HOME}/target/sbin/badblocks
${DEVKIT_HOME}/target/sbin/uuidd
${DEVKIT_HOME}/target/sbin/resize2fs
${DEVKIT_HOME}/target/sbin/blkid
${DEVKIT_HOME}/target/sbin/fsck.ext2
${DEVKIT_HOME}/target/etc/mke2fs.conf
${DEVKIT_HOME}/target/usr/bin/lsattr
${DEVKIT_HOME}/target/usr/bin/uuidgen
${DEVKIT_HOME}/target/usr/bin/chattr
${DEVKIT_HOME}/target/usr/lib/e2initrd_helper
${DEVKIT_HOME}/target/usr/share/locale/ca/LC_MESSAGES/e2fsprogs.mo
${DEVKIT_HOME}/target/usr/share/locale/id/LC_MESSAGES/e2fsprogs.mo
${DEVKIT_HOME}/target/usr/share/locale/cs/LC_MESSAGES/e2fsprogs.mo
${DEVKIT_HOME}/target/usr/share/locale/sv/LC_MESSAGES/e2fsprogs.mo
${DEVKIT_HOME}/target/usr/share/locale/es/LC_MESSAGES/e2fsprogs.mo
${DEVKIT_HOME}/target/usr/share/locale/de/LC_MESSAGES/e2fsprogs.mo
${DEVKIT_HOME}/target/usr/share/locale/tr/LC_MESSAGES/e2fsprogs.mo
${DEVKIT_HOME}/target/usr/share/locale/it/LC_MESSAGES/e2fsprogs.mo
${DEVKIT_HOME}/target/usr/share/locale/nl/LC_MESSAGES/e2fsprogs.mo
${DEVKIT_HOME}/target/usr/share/locale/fr/LC_MESSAGES/e2fsprogs.mo
${DEVKIT_HOME}/target/usr/share/locale/vi/LC_MESSAGES/e2fsprogs.mo
${DEVKIT_HOME}/target/usr/share/locale/pl/LC_MESSAGES/e2fsprogs.mo
${DEVKIT_HOME}/target/usr/share/locale/zh_CN/LC_MESSAGES/e2fsprogs.mo
${DEVKIT_HOME}/target/usr/share/man/man8/fsck.ext4dev.8
${DEVKIT_HOME}/target/usr/share/man/man8/dumpe2fs.8
${DEVKIT_HOME}/target/usr/share/man/man8/mkfs.ext3.8
${DEVKIT_HOME}/target/usr/share/man/man8/mkfs.ext2.8
${DEVKIT_HOME}/target/usr/share/man/man8/fsck.ext4.8
${DEVKIT_HOME}/target/usr/share/man/man8/fsck.ext3.8
${DEVKIT_HOME}/target/usr/share/man/man8/e2undo.8
${DEVKIT_HOME}/target/usr/share/man/man8/resize2fs.8
${DEVKIT_HOME}/target/usr/share/man/man8/mke2fs.8
${DEVKIT_HOME}/target/usr/share/man/man8/blkid.8
${DEVKIT_HOME}/target/usr/share/man/man8/uuidd.8
${DEVKIT_HOME}/target/usr/share/man/man8/findfs.8
${DEVKIT_HOME}/target/usr/share/man/man8/e2fsck.8
${DEVKIT_HOME}/target/usr/share/man/man8/debugfs.8
${DEVKIT_HOME}/target/usr/share/man/man8/e2image.8
${DEVKIT_HOME}/target/usr/share/man/man8/mkfs.ext4dev.8
${DEVKIT_HOME}/target/usr/share/man/man8/badblocks.8
${DEVKIT_HOME}/target/usr/share/man/man8/tune2fs.8
${DEVKIT_HOME}/target/usr/share/man/man8/fsck.8
${DEVKIT_HOME}/target/usr/share/man/man8/e2freefrag.8
${DEVKIT_HOME}/target/usr/share/man/man8/mkfs.ext4.8
${DEVKIT_HOME}/target/usr/share/man/man8/filefrag.8
${DEVKIT_HOME}/target/usr/share/man/man8/mklost+found.8
${DEVKIT_HOME}/target/usr/share/man/man8/e2label.8
${DEVKIT_HOME}/target/usr/share/man/man8/fsck.ext2.8
${DEVKIT_HOME}/target/usr/share/man/man8/logsave.8
${DEVKIT_HOME}/target/usr/share/man/man1/lsattr.1
${DEVKIT_HOME}/target/usr/share/man/man1/uuidgen.1
${DEVKIT_HOME}/target/usr/share/man/man1/chattr.1
${DEVKIT_HOME}/target/usr/share/man/man5/e2fsck.conf.5
${DEVKIT_HOME}/target/usr/share/man/man5/mke2fs.conf.5
