${DEVKIT_HOME}/target/var/log/packages/fontconfig-2.7.0.log
${DEVKIT_HOME}/target/etc/fonts/conf.d/65-fonts-persian.conf
${DEVKIT_HOME}/target/etc/fonts/conf.d/90-synthetic.conf
${DEVKIT_HOME}/target/etc/fonts/conf.d/30-urw-aliases.conf
${DEVKIT_HOME}/target/etc/fonts/conf.d/45-latin.conf
${DEVKIT_HOME}/target/etc/fonts/conf.d/50-user.conf
${DEVKIT_HOME}/target/etc/fonts/conf.d/49-sansserif.conf
${DEVKIT_HOME}/target/etc/fonts/conf.d/40-nonlatin.conf
${DEVKIT_HOME}/target/etc/fonts/conf.d/30-metric-aliases.conf
${DEVKIT_HOME}/target/etc/fonts/conf.d/51-local.conf
${DEVKIT_HOME}/target/etc/fonts/conf.d/65-nonlatin.conf
${DEVKIT_HOME}/target/etc/fonts/conf.d/20-fix-globaladvance.conf
${DEVKIT_HOME}/target/etc/fonts/conf.d/69-unifont.conf
${DEVKIT_HOME}/target/etc/fonts/conf.d/60-latin.conf
${DEVKIT_HOME}/target/etc/fonts/conf.d/80-delicious.conf
${DEVKIT_HOME}/target/etc/fonts/conf.d/20-unhint-small-vera.conf
${DEVKIT_HOME}/target/etc/fonts/conf.d/README
${DEVKIT_HOME}/target/etc/fonts/fonts.conf
${DEVKIT_HOME}/target/etc/fonts/conf.avail/10-sub-pixel-vrgb.conf
${DEVKIT_HOME}/target/etc/fonts/conf.avail/10-sub-pixel-rgb.conf
${DEVKIT_HOME}/target/etc/fonts/conf.avail/65-fonts-persian.conf
${DEVKIT_HOME}/target/etc/fonts/conf.avail/10-sub-pixel-bgr.conf
${DEVKIT_HOME}/target/etc/fonts/conf.avail/90-synthetic.conf
${DEVKIT_HOME}/target/etc/fonts/conf.avail/30-urw-aliases.conf
${DEVKIT_HOME}/target/etc/fonts/conf.avail/70-no-bitmaps.conf
${DEVKIT_HOME}/target/etc/fonts/conf.avail/45-latin.conf
${DEVKIT_HOME}/target/etc/fonts/conf.avail/50-user.conf
${DEVKIT_HOME}/target/etc/fonts/conf.avail/10-no-sub-pixel.conf
${DEVKIT_HOME}/target/etc/fonts/conf.avail/49-sansserif.conf
${DEVKIT_HOME}/target/etc/fonts/conf.avail/40-nonlatin.conf
${DEVKIT_HOME}/target/etc/fonts/conf.avail/30-metric-aliases.conf
${DEVKIT_HOME}/target/etc/fonts/conf.avail/51-local.conf
${DEVKIT_HOME}/target/etc/fonts/conf.avail/65-nonlatin.conf
${DEVKIT_HOME}/target/etc/fonts/conf.avail/20-fix-globaladvance.conf
${DEVKIT_HOME}/target/etc/fonts/conf.avail/10-sub-pixel-vbgr.conf
${DEVKIT_HOME}/target/etc/fonts/conf.avail/70-yes-bitmaps.conf
${DEVKIT_HOME}/target/etc/fonts/conf.avail/65-khmer.conf
${DEVKIT_HOME}/target/etc/fonts/conf.avail/69-unifont.conf
${DEVKIT_HOME}/target/etc/fonts/conf.avail/10-unhinted.conf
${DEVKIT_HOME}/target/etc/fonts/conf.avail/60-latin.conf
${DEVKIT_HOME}/target/etc/fonts/conf.avail/80-delicious.conf
${DEVKIT_HOME}/target/etc/fonts/conf.avail/10-autohint.conf
${DEVKIT_HOME}/target/etc/fonts/conf.avail/25-unhint-nonlatin.conf
${DEVKIT_HOME}/target/etc/fonts/conf.avail/20-unhint-small-vera.conf
${DEVKIT_HOME}/target/etc/fonts/fonts.dtd
${DEVKIT_HOME}/target/usr/bin/fc-cat
${DEVKIT_HOME}/target/usr/bin/fc-list
${DEVKIT_HOME}/target/usr/bin/fc-cache
${DEVKIT_HOME}/target/usr/bin/fc-match
${DEVKIT_HOME}/target/usr/bin/fc-query
${DEVKIT_HOME}/target/usr/bin/fc-scan
${DEVKIT_HOME}/target/usr/lib/libfontconfig.so.1
${DEVKIT_HOME}/target/usr/lib/libfontconfig.so
${DEVKIT_HOME}/target/usr/lib/libfontconfig.a
${DEVKIT_HOME}/target/usr/lib/libfontconfig.la
${DEVKIT_HOME}/target/usr/lib/libfontconfig.so.1.3.0
${DEVKIT_HOME}/target/usr/lib/pkgconfig/fontconfig.pc
${DEVKIT_HOME}/target/usr/share/doc/fontconfig/fontconfig-user.pdf
${DEVKIT_HOME}/target/usr/share/doc/fontconfig/fontconfig-devel/fcfini.html
${DEVKIT_HOME}/target/usr/share/doc/fontconfig/fontconfig-devel/fcpatternequalsubset.html
${DEVKIT_HOME}/target/usr/share/doc/fontconfig/fontconfig-devel/fcstrcopyfilename.html
${DEVKIT_HOME}/target/usr/share/doc/fontconfig/fontconfig-devel/fcobjectsetdestroy.html
${DEVKIT_HOME}/target/usr/share/doc/fontconfig/fontconfig-devel/fcpatternbuild.html
${DEVKIT_HOME}/target/usr/share/doc/fontconfig/fontconfig-devel/fcnameparse.html
${DEVKIT_HOME}/target/usr/share/doc/fontconfig/fontconfig-devel/fcconfigsetrescaninterval.html
${DEVKIT_HOME}/target/usr/share/doc/fontconfig/fontconfig-devel/fcfreetypequery.html
${DEVKIT_HOME}/target/usr/share/doc/fontconfig/fontconfig-devel/fcatomicdeletenew.html
${DEVKIT_HOME}/target/usr/share/doc/fontconfig/fontconfig-devel/fcfreetypecharset.html
${DEVKIT_HOME}/target/usr/share/doc/fontconfig/fontconfig-devel/fcstrcopy.html
${DEVKIT_HOME}/target/usr/share/doc/fontconfig/fontconfig-devel/fcfontsetadd.html
${DEVKIT_HOME}/target/usr/share/doc/fontconfig/fontconfig-devel/fccharsetequal.html
${DEVKIT_HOME}/target/usr/share/doc/fontconfig/fontconfig-devel/fclangsetequal.html
${DEVKIT_HOME}/target/usr/share/doc/fontconfig/fontconfig-devel/fcpatternhash.html
${DEVKIT_HOME}/target/usr/share/doc/fontconfig/fontconfig-devel/fccharsetfirstpage.html
${DEVKIT_HOME}/target/usr/share/doc/fontconfig/fontconfig-devel/fcconfigsetcurrent.html
${DEVKIT_HOME}/target/usr/share/doc/fontconfig/fontconfig-devel/fcfontrenderprepare.html
${DEVKIT_HOME}/target/usr/share/doc/fontconfig/fontconfig-devel/fcconfigappfontclear.html
${DEVKIT_HOME}/target/usr/share/doc/fontconfig/fontconfig-devel/fccharsetmerge.html
${DEVKIT_HOME}/target/usr/share/doc/fontconfig/fontconfig-devel/fcdircachevalid.html
${DEVKIT_HOME}/target/usr/share/doc/fontconfig/fontconfig-devel/fclangsethash.html
${DEVKIT_HOME}/target/usr/share/doc/fontconfig/fontconfig-devel/fcgetversion.html
${DEVKIT_HOME}/target/usr/share/doc/fontconfig/fontconfig-devel/x31.html
${DEVKIT_HOME}/target/usr/share/doc/fontconfig/fontconfig-devel/fcblanksadd.html
${DEVKIT_HOME}/target/usr/share/doc/fontconfig/fontconfig-devel/fcmatrixrotate.html
${DEVKIT_HOME}/target/usr/share/doc/fontconfig/fontconfig-devel/fcatomicreplaceorig.html
${DEVKIT_HOME}/target/usr/share/doc/fontconfig/fontconfig-devel/fcpatternremove.html
${DEVKIT_HOME}/target/usr/share/doc/fontconfig/fontconfig-devel/fcfreetypecharindex.html
${DEVKIT_HOME}/target/usr/share/doc/fontconfig/fontconfig-devel/fcstrsetaddfilename.html
${DEVKIT_HOME}/target/usr/share/doc/fontconfig/fontconfig-devel/fcblanksdestroy.html
${DEVKIT_HOME}/target/usr/share/doc/fontconfig/fontconfig-devel/fccharsetaddchar.html
${DEVKIT_HOME}/target/usr/share/doc/fontconfig/fontconfig-devel/fcpatterndestroy.html
${DEVKIT_HOME}/target/usr/share/doc/fontconfig/fontconfig-devel/fcatomiclock.html
${DEVKIT_HOME}/target/usr/share/doc/fontconfig/fontconfig-devel/fccachesubdir.html
${DEVKIT_HOME}/target/usr/share/doc/fontconfig/fontconfig-devel/fcfontlist.html
${DEVKIT_HOME}/target/usr/share/doc/fontconfig/fontconfig-devel/fcnameregisterobjecttypes.html
${DEVKIT_HOME}/target/usr/share/doc/fontconfig/fontconfig-devel/fcfileisdir.html
${DEVKIT_HOME}/target/usr/share/doc/fontconfig/fontconfig-devel/fcconfiggetconfigdirs.html
${DEVKIT_HOME}/target/usr/share/doc/fontconfig/fontconfig-devel/fcstrsetdel.html
${DEVKIT_HOME}/target/usr/share/doc/fontconfig/fontconfig-devel/fcucs4toutf8.html
${DEVKIT_HOME}/target/usr/share/doc/fontconfig/fontconfig-devel/fcpatternadd-type.html
${DEVKIT_HOME}/target/usr/share/doc/fontconfig/fontconfig-devel/fccharsethaschar.html
${DEVKIT_HOME}/target/usr/share/doc/fontconfig/fontconfig-devel/fcnamegetconstant.html
${DEVKIT_HOME}/target/usr/share/doc/fontconfig/fontconfig-devel/fcdircacheload.html
${DEVKIT_HOME}/target/usr/share/doc/fontconfig/fontconfig-devel/fclangsetcompare.html
${DEVKIT_HOME}/target/usr/share/doc/fontconfig/fontconfig-devel/fclangsetgetlangs.html
${DEVKIT_HOME}/target/usr/share/doc/fontconfig/fontconfig-devel/fcislower.html
${DEVKIT_HOME}/target/usr/share/doc/fontconfig/fontconfig-devel/fcconfiggetblanks.html
${DEVKIT_HOME}/target/usr/share/doc/fontconfig/fontconfig-devel/fcfontsetdestroy.html
${DEVKIT_HOME}/target/usr/share/doc/fontconfig/fontconfig-devel/fcconfigreference.html
${DEVKIT_HOME}/target/usr/share/doc/fontconfig/fontconfig-devel/fcstrstr.html
${DEVKIT_HOME}/target/usr/share/doc/fontconfig/fontconfig-devel/fcconfiggetcurrent.html
${DEVKIT_HOME}/target/usr/share/doc/fontconfig/fontconfig-devel/fcstrplus.html
${DEVKIT_HOME}/target/usr/share/doc/fontconfig/fontconfig-devel/fcinitloadconfig.html
${DEVKIT_HOME}/target/usr/share/doc/fontconfig/fontconfig-devel/fcutf8len.html
${DEVKIT_HOME}/target/usr/share/doc/fontconfig/fontconfig-devel/fcvaluesave.html
${DEVKIT_HOME}/target/usr/share/doc/fontconfig/fontconfig-devel/fcutf16toucs4.html
${DEVKIT_HOME}/target/usr/share/doc/fontconfig/fontconfig-devel/fcstrcmp.html
${DEVKIT_HOME}/target/usr/share/doc/fontconfig/fontconfig-devel/fcfontsetsortdestroy.html
${DEVKIT_HOME}/target/usr/share/doc/fontconfig/fontconfig-devel/fcfontsetprint.html
${DEVKIT_HOME}/target/usr/share/doc/fontconfig/fontconfig-devel/fclangsetcreate.html
${DEVKIT_HOME}/target/usr/share/doc/fontconfig/fontconfig-devel/fclangsetcontains.html
${DEVKIT_HOME}/target/usr/share/doc/fontconfig/fontconfig-devel/fcdircacheloadfile.html
${DEVKIT_HOME}/target/usr/share/doc/fontconfig/fontconfig-devel/fcvalueprint.html
${DEVKIT_HOME}/target/usr/share/doc/fontconfig/fontconfig-devel/fcpatterncreate.html
${DEVKIT_HOME}/target/usr/share/doc/fontconfig/fontconfig-devel/fccachenumfont.html
${DEVKIT_HOME}/target/usr/share/doc/fontconfig/fontconfig-devel/fccharsetnew.html
${DEVKIT_HOME}/target/usr/share/doc/fontconfig/fontconfig-devel/fcfontsetcreate.html
${DEVKIT_HOME}/target/usr/share/doc/fontconfig/fontconfig-devel/fcconfiguptodate.html
${DEVKIT_HOME}/target/usr/share/doc/fontconfig/fontconfig-devel/fcstrsetmember.html
${DEVKIT_HOME}/target/usr/share/doc/fontconfig/fontconfig-devel/fcpatternget-type.html
${DEVKIT_HOME}/target/usr/share/doc/fontconfig/fontconfig-devel/fcfontsetlist.html
${DEVKIT_HOME}/target/usr/share/doc/fontconfig/fontconfig-devel/fcblanksismember.html
${DEVKIT_HOME}/target/usr/share/doc/fontconfig/fontconfig-devel/fcstrlistnext.html
${DEVKIT_HOME}/target/usr/share/doc/fontconfig/fontconfig-devel/fcstrdirname.html
${DEVKIT_HOME}/target/usr/share/doc/fontconfig/fontconfig-devel/fcinitloadconfigandfonts.html
${DEVKIT_HOME}/target/usr/share/doc/fontconfig/fontconfig-devel/fcstrstrignorecase.html
${DEVKIT_HOME}/target/usr/share/doc/fontconfig/fontconfig-devel/fcinit.html
${DEVKIT_HOME}/target/usr/share/doc/fontconfig/fontconfig-devel/fcatomiccreate.html
${DEVKIT_HOME}/target/usr/share/doc/fontconfig/fontconfig-devel/fcmatrixmultiply.html
${DEVKIT_HOME}/target/usr/share/doc/fontconfig/fontconfig-devel/fcmatrixinit.html
${DEVKIT_HOME}/target/usr/share/doc/fontconfig/fontconfig-devel/fccharsetdestroy.html
${DEVKIT_HOME}/target/usr/share/doc/fontconfig/fontconfig-devel/fcutf8toucs4.html
${DEVKIT_HOME}/target/usr/share/doc/fontconfig/fontconfig-devel/fcinitreinitialize.html
${DEVKIT_HOME}/target/usr/share/doc/fontconfig/fontconfig-devel/x102.html
${DEVKIT_HOME}/target/usr/share/doc/fontconfig/fontconfig-devel/fcnameunregisterconstants.html
${DEVKIT_HOME}/target/usr/share/doc/fontconfig/fontconfig-devel/fcconfiggetfonts.html
${DEVKIT_HOME}/target/usr/share/doc/fontconfig/fontconfig-devel/fcatomicnewfile.html
${DEVKIT_HOME}/target/usr/share/doc/fontconfig/fontconfig-devel/fctolower.html
${DEVKIT_HOME}/target/usr/share/doc/fontconfig/fontconfig-devel/fcblankscreate.html
${DEVKIT_HOME}/target/usr/share/doc/fontconfig/fontconfig-devel/fcfontsetsort.html
${DEVKIT_HOME}/target/usr/share/doc/fontconfig/fontconfig-devel/fccharsetcoverage.html
${DEVKIT_HOME}/target/usr/share/doc/fontconfig/fontconfig-devel/fcconfigbuildfonts.html
${DEVKIT_HOME}/target/usr/share/doc/fontconfig/fontconfig-devel/fcpatternduplicate.html
${DEVKIT_HOME}/target/usr/share/doc/fontconfig/fontconfig-devel/fcconfiggetrescaninterval.html
${DEVKIT_HOME}/target/usr/share/doc/fontconfig/fontconfig-devel/fcmatrixscale.html
${DEVKIT_HOME}/target/usr/share/doc/fontconfig/fontconfig-devel/fccharsetcopy.html
${DEVKIT_HOME}/target/usr/share/doc/fontconfig/fontconfig-devel/fcstrbasename.html
${DEVKIT_HOME}/target/usr/share/doc/fontconfig/fontconfig-devel/fcatomicunlock.html
${DEVKIT_HOME}/target/usr/share/doc/fontconfig/fontconfig-devel/fcvaluedestroy.html
${DEVKIT_HOME}/target/usr/share/doc/fontconfig/fontconfig-devel/fcconfigenablehome.html
${DEVKIT_HOME}/target/usr/share/doc/fontconfig/fontconfig-devel/fcconfigappfontadddir.html
${DEVKIT_HOME}/target/usr/share/doc/fontconfig/fontconfig-devel/fcnameunregisterobjecttypes.html
${DEVKIT_HOME}/target/usr/share/doc/fontconfig/fontconfig-devel/fcconfighome.html
${DEVKIT_HOME}/target/usr/share/doc/fontconfig/fontconfig-devel/x19.html
${DEVKIT_HOME}/target/usr/share/doc/fontconfig/fontconfig-devel/fcconfigdestroy.html
${DEVKIT_HOME}/target/usr/share/doc/fontconfig/fontconfig-devel/fcdefaultsubstitute.html
${DEVKIT_HOME}/target/usr/share/doc/fontconfig/fontconfig-devel/fcinitbringuptodate.html
${DEVKIT_HOME}/target/usr/share/doc/fontconfig/fontconfig-devel/fcpatternformat.html
${DEVKIT_HOME}/target/usr/share/doc/fontconfig/fontconfig-devel/fcpatternprint.html
${DEVKIT_HOME}/target/usr/share/doc/fontconfig/fontconfig-devel/ln12.html
${DEVKIT_HOME}/target/usr/share/doc/fontconfig/fontconfig-devel/fcfontmatch.html
${DEVKIT_HOME}/target/usr/share/doc/fontconfig/fontconfig-devel/fccharsetnextpage.html
${DEVKIT_HOME}/target/usr/share/doc/fontconfig/fontconfig-devel/fcnameconstant.html
${DEVKIT_HOME}/target/usr/share/doc/fontconfig/fontconfig-devel/fcvalueequal.html
${DEVKIT_HOME}/target/usr/share/doc/fontconfig/fontconfig-devel/fcpatternadd.html
${DEVKIT_HOME}/target/usr/share/doc/fontconfig/fontconfig-devel/fcfreetypequeryface.html
${DEVKIT_HOME}/target/usr/share/doc/fontconfig/fontconfig-devel/fcmatrixshear.html
${DEVKIT_HOME}/target/usr/share/doc/fontconfig/fontconfig-devel/fcstrcmpignorecase.html
${DEVKIT_HOME}/target/usr/share/doc/fontconfig/fontconfig-devel/fcconfigfilename.html
${DEVKIT_HOME}/target/usr/share/doc/fontconfig/fontconfig-devel/fccharsetissubset.html
${DEVKIT_HOME}/target/usr/share/doc/fontconfig/fontconfig-devel/fccharsetintersect.html
${DEVKIT_HOME}/target/usr/share/doc/fontconfig/fontconfig-devel/fcgetlangs.html
${DEVKIT_HOME}/target/usr/share/doc/fontconfig/fontconfig-devel/fcconfigappfontaddfile.html
${DEVKIT_HOME}/target/usr/share/doc/fontconfig/fontconfig-devel/fcutf16len.html
${DEVKIT_HOME}/target/usr/share/doc/fontconfig/fontconfig-devel/fccharsetcount.html
${DEVKIT_HOME}/target/usr/share/doc/fontconfig/fontconfig-devel/fcconfigcreate.html
${DEVKIT_HOME}/target/usr/share/doc/fontconfig/fontconfig-devel/fcnameregisterconstants.html
${DEVKIT_HOME}/target/usr/share/doc/fontconfig/fontconfig-devel/fcstrfree.html
${DEVKIT_HOME}/target/usr/share/doc/fontconfig/fontconfig-devel/fcstrsetdestroy.html
${DEVKIT_HOME}/target/usr/share/doc/fontconfig/fontconfig-devel/fcstrlistcreate.html
${DEVKIT_HOME}/target/usr/share/doc/fontconfig/fontconfig-devel/fcstrsetequal.html
${DEVKIT_HOME}/target/usr/share/doc/fontconfig/fontconfig-devel/fclangsetdestroy.html
${DEVKIT_HOME}/target/usr/share/doc/fontconfig/fontconfig-devel/fclanggetcharset.html
${DEVKIT_HOME}/target/usr/share/doc/fontconfig/fontconfig-devel/fcisupper.html
${DEVKIT_HOME}/target/usr/share/doc/fontconfig/fontconfig-devel/fcfilescan.html
${DEVKIT_HOME}/target/usr/share/doc/fontconfig/fontconfig-devel/fclangsetadd.html
${DEVKIT_HOME}/target/usr/share/doc/fontconfig/fontconfig-devel/fcconfiggetcache.html
${DEVKIT_HOME}/target/usr/share/doc/fontconfig/fontconfig-devel/fccharsetintersectcount.html
${DEVKIT_HOME}/target/usr/share/doc/fontconfig/fontconfig-devel/fclangsetcopy.html
${DEVKIT_HOME}/target/usr/share/doc/fontconfig/fontconfig-devel/fcfreetypecharsetandspacing.html
${DEVKIT_HOME}/target/usr/share/doc/fontconfig/fontconfig-devel/fcconfiggetfontdirs.html
${DEVKIT_HOME}/target/usr/share/doc/fontconfig/fontconfig-devel/fcdircacheread.html
${DEVKIT_HOME}/target/usr/share/doc/fontconfig/fontconfig-devel/fcmatrixequal.html
${DEVKIT_HOME}/target/usr/share/doc/fontconfig/fontconfig-devel/fcpatternfilter.html
${DEVKIT_HOME}/target/usr/share/doc/fontconfig/fontconfig-devel/fcatomicorigfile.html
${DEVKIT_HOME}/target/usr/share/doc/fontconfig/fontconfig-devel/fcdirsave.html
${DEVKIT_HOME}/target/usr/share/doc/fontconfig/fontconfig-devel/fccachedir.html
${DEVKIT_HOME}/target/usr/share/doc/fontconfig/fontconfig-devel/fcatomicdestroy.html
${DEVKIT_HOME}/target/usr/share/doc/fontconfig/fontconfig-devel/fcdircacheunlink.html
${DEVKIT_HOME}/target/usr/share/doc/fontconfig/fontconfig-devel/t1.html
${DEVKIT_HOME}/target/usr/share/doc/fontconfig/fontconfig-devel/fccharsetunion.html
${DEVKIT_HOME}/target/usr/share/doc/fontconfig/fontconfig-devel/fcfontsetmatch.html
${DEVKIT_HOME}/target/usr/share/doc/fontconfig/fontconfig-devel/fcpatternreference.html
${DEVKIT_HOME}/target/usr/share/doc/fontconfig/fontconfig-devel/fccharsetsubtractcount.html
${DEVKIT_HOME}/target/usr/share/doc/fontconfig/fontconfig-devel/fcconfigparseandload.html
${DEVKIT_HOME}/target/usr/share/doc/fontconfig/fontconfig-devel/fcobjectsetcreate.html
${DEVKIT_HOME}/target/usr/share/doc/fontconfig/fontconfig-devel/fcmatrixcopy.html
${DEVKIT_HOME}/target/usr/share/doc/fontconfig/fontconfig-devel/fcconfiggetcachedirs.html
${DEVKIT_HOME}/target/usr/share/doc/fontconfig/fontconfig-devel/fcpatternaddweak.html
${DEVKIT_HOME}/target/usr/share/doc/fontconfig/fontconfig-devel/fcdircacheunload.html
${DEVKIT_HOME}/target/usr/share/doc/fontconfig/fontconfig-devel/fccachenumsubdir.html
${DEVKIT_HOME}/target/usr/share/doc/fontconfig/fontconfig-devel/fcdirscan.html
${DEVKIT_HOME}/target/usr/share/doc/fontconfig/fontconfig-devel/fcobjectsetadd.html
${DEVKIT_HOME}/target/usr/share/doc/fontconfig/fontconfig-devel/fccharsetcreate.html
${DEVKIT_HOME}/target/usr/share/doc/fontconfig/fontconfig-devel/fcstrsetcreate.html
${DEVKIT_HOME}/target/usr/share/doc/fontconfig/fontconfig-devel/fclangsethaslang.html
${DEVKIT_HOME}/target/usr/share/doc/fontconfig/fontconfig-devel/fcconfiggetconfigfiles.html
${DEVKIT_HOME}/target/usr/share/doc/fontconfig/fontconfig-devel/fcconfigsubstitute.html
${DEVKIT_HOME}/target/usr/share/doc/fontconfig/fontconfig-devel/fcpatternget.html
${DEVKIT_HOME}/target/usr/share/doc/fontconfig/fontconfig-devel/fcconfigsubstitutewithpat.html
${DEVKIT_HOME}/target/usr/share/doc/fontconfig/fontconfig-devel/fcpatterndel.html
${DEVKIT_HOME}/target/usr/share/doc/fontconfig/fontconfig-devel/fccachecopyset.html
${DEVKIT_HOME}/target/usr/share/doc/fontconfig/fontconfig-devel/fcstrlistdone.html
${DEVKIT_HOME}/target/usr/share/doc/fontconfig/fontconfig-devel/fcpatternequal.html
${DEVKIT_HOME}/target/usr/share/doc/fontconfig/fontconfig-devel/fcnameunparse.html
${DEVKIT_HOME}/target/usr/share/doc/fontconfig/fontconfig-devel/fcobjectsetbuild.html
${DEVKIT_HOME}/target/usr/share/doc/fontconfig/fontconfig-devel/fcstrdowncase.html
${DEVKIT_HOME}/target/usr/share/doc/fontconfig/fontconfig-devel/fccharsetsubtract.html
${DEVKIT_HOME}/target/usr/share/doc/fontconfig/fontconfig-devel/fcfontsort.html
${DEVKIT_HOME}/target/usr/share/doc/fontconfig/fontconfig-devel/fcstrsetadd.html
${DEVKIT_HOME}/target/usr/share/doc/fontconfig/fontconfig-devel/fcnamegetobjecttype.html
${DEVKIT_HOME}/target/usr/share/doc/fontconfig/fontconfig-devel.txt
${DEVKIT_HOME}/target/usr/share/doc/fontconfig/fontconfig-devel.pdf
${DEVKIT_HOME}/target/usr/share/doc/fontconfig/fontconfig-user.txt
${DEVKIT_HOME}/target/usr/share/doc/fontconfig/fontconfig-user.html
${DEVKIT_HOME}/target/usr/share/man/man3/FcConfigGetFonts.3
${DEVKIT_HOME}/target/usr/share/man/man3/FcConfigSubstituteWithPat.3
${DEVKIT_HOME}/target/usr/share/man/man3/FcCharSetUnion.3
${DEVKIT_HOME}/target/usr/share/man/man3/FcFontSetDestroy.3
${DEVKIT_HOME}/target/usr/share/man/man3/FcPatternAdd.3
${DEVKIT_HOME}/target/usr/share/man/man3/FcDirCacheUnload.3
${DEVKIT_HOME}/target/usr/share/man/man3/FcCharSetCopy.3
${DEVKIT_HOME}/target/usr/share/man/man3/FcMatrixMultiply.3
${DEVKIT_HOME}/target/usr/share/man/man3/FcStrListNext.3
${DEVKIT_HOME}/target/usr/share/man/man3/FcCharSetCoverage.3
${DEVKIT_HOME}/target/usr/share/man/man3/FcPatternFormat.3
${DEVKIT_HOME}/target/usr/share/man/man3/FcStrCmpIgnoreCase.3
${DEVKIT_HOME}/target/usr/share/man/man3/FcAtomicNewFile.3
${DEVKIT_HOME}/target/usr/share/man/man3/FcCacheCopySet.3
${DEVKIT_HOME}/target/usr/share/man/man3/FcFontRenderPrepare.3
${DEVKIT_HOME}/target/usr/share/man/man3/FcCharSetSubtract.3
${DEVKIT_HOME}/target/usr/share/man/man3/FcMatrixScale.3
${DEVKIT_HOME}/target/usr/share/man/man3/FcConfigGetBlanks.3
${DEVKIT_HOME}/target/usr/share/man/man3/FcFileIsDir.3
${DEVKIT_HOME}/target/usr/share/man/man3/FcConfigAppFontAddDir.3
${DEVKIT_HOME}/target/usr/share/man/man3/FcBlanksCreate.3
${DEVKIT_HOME}/target/usr/share/man/man3/FcIsLower.3
${DEVKIT_HOME}/target/usr/share/man/man3/FcCharSetEqual.3
${DEVKIT_HOME}/target/usr/share/man/man3/FcInitBringUptoDate.3
${DEVKIT_HOME}/target/usr/share/man/man3/FcPatternReference.3
${DEVKIT_HOME}/target/usr/share/man/man3/FcCharSetCreate.3
${DEVKIT_HOME}/target/usr/share/man/man3/FcStrBasename.3
${DEVKIT_HOME}/target/usr/share/man/man3/FcValueDestroy.3
${DEVKIT_HOME}/target/usr/share/man/man3/FcPatternEqualSubset.3
${DEVKIT_HOME}/target/usr/share/man/man3/FcNameRegisterObjectTypes.3
${DEVKIT_HOME}/target/usr/share/man/man3/FcPatternFilter.3
${DEVKIT_HOME}/target/usr/share/man/man3/FcStrDirname.3
${DEVKIT_HOME}/target/usr/share/man/man3/FcConfigSubstitute.3
${DEVKIT_HOME}/target/usr/share/man/man3/FcConfigSetCurrent.3
${DEVKIT_HOME}/target/usr/share/man/man3/FcFontSetAdd.3
${DEVKIT_HOME}/target/usr/share/man/man3/FcInitLoadConfigAndFonts.3
${DEVKIT_HOME}/target/usr/share/man/man3/FcConfigEnableHome.3
${DEVKIT_HOME}/target/usr/share/man/man3/FcFileScan.3
${DEVKIT_HOME}/target/usr/share/man/man3/FcFontSetMatch.3
${DEVKIT_HOME}/target/usr/share/man/man3/FcFreeTypeQueryFace.3
${DEVKIT_HOME}/target/usr/share/man/man3/FcStrSetAddFilename.3
${DEVKIT_HOME}/target/usr/share/man/man3/FcUtf16Len.3
${DEVKIT_HOME}/target/usr/share/man/man3/FcFreeTypeCharSetAndSpacing.3
${DEVKIT_HOME}/target/usr/share/man/man3/FcFontList.3
${DEVKIT_HOME}/target/usr/share/man/man3/FcStrStrIgnoreCase.3
${DEVKIT_HOME}/target/usr/share/man/man3/FcNameRegisterConstants.3
${DEVKIT_HOME}/target/usr/share/man/man3/FcConfigGetCacheDirs.3
${DEVKIT_HOME}/target/usr/share/man/man3/FcStrCmp.3
${DEVKIT_HOME}/target/usr/share/man/man3/FcUtf16ToUcs4.3
${DEVKIT_HOME}/target/usr/share/man/man3/FcDirCacheValid.3
${DEVKIT_HOME}/target/usr/share/man/man3/FcIsUpper.3
${DEVKIT_HOME}/target/usr/share/man/man3/FcNameGetObjectType.3
${DEVKIT_HOME}/target/usr/share/man/man3/FcConfigAppFontAddFile.3
${DEVKIT_HOME}/target/usr/share/man/man3/FcDirScan.3
${DEVKIT_HOME}/target/usr/share/man/man3/FcConfigReference.3
${DEVKIT_HOME}/target/usr/share/man/man3/FcFontMatch.3
${DEVKIT_HOME}/target/usr/share/man/man3/FcFontSetSort.3
${DEVKIT_HOME}/target/usr/share/man/man3/FcLangGetCharSet.3
${DEVKIT_HOME}/target/usr/share/man/man3/FcLangSetGetLangs.3
${DEVKIT_HOME}/target/usr/share/man/man3/FcConfigGetConfigFiles.3
${DEVKIT_HOME}/target/usr/share/man/man3/FcStrCopy.3
${DEVKIT_HOME}/target/usr/share/man/man3/FcCharSetMerge.3
${DEVKIT_HOME}/target/usr/share/man/man3/FcObjectSetDestroy.3
${DEVKIT_HOME}/target/usr/share/man/man3/FcPatternDestroy.3
${DEVKIT_HOME}/target/usr/share/man/man3/FcLangSetCreate.3
${DEVKIT_HOME}/target/usr/share/man/man3/FcPatternCreate.3
${DEVKIT_HOME}/target/usr/share/man/man3/FcMatrixRotate.3
${DEVKIT_HOME}/target/usr/share/man/man3/FcConfigSetRescanInterval.3
${DEVKIT_HOME}/target/usr/share/man/man3/FcFontSort.3
${DEVKIT_HOME}/target/usr/share/man/man3/FcNameUnregisterConstants.3
${DEVKIT_HOME}/target/usr/share/man/man3/FcCharSetAddChar.3
${DEVKIT_HOME}/target/usr/share/man/man3/FcConfigGetRescanInterval.3
${DEVKIT_HOME}/target/usr/share/man/man3/FcCharSetSubtractCount.3
${DEVKIT_HOME}/target/usr/share/man/man3/FcNameUnregisterObjectTypes.3
${DEVKIT_HOME}/target/usr/share/man/man3/FcStrSetAdd.3
${DEVKIT_HOME}/target/usr/share/man/man3/FcStrStr.3
${DEVKIT_HOME}/target/usr/share/man/man3/FcStrFree.3
${DEVKIT_HOME}/target/usr/share/man/man3/FcConfigDestroy.3
${DEVKIT_HOME}/target/usr/share/man/man3/FcCacheNumSubdir.3
${DEVKIT_HOME}/target/usr/share/man/man3/FcDirCacheLoad.3
${DEVKIT_HOME}/target/usr/share/man/man3/FcConfigHome.3
${DEVKIT_HOME}/target/usr/share/man/man3/FcCharSetNew.3
${DEVKIT_HOME}/target/usr/share/man/man3/FcPatternDuplicate.3
${DEVKIT_HOME}/target/usr/share/man/man3/FcLangSetDestroy.3
${DEVKIT_HOME}/target/usr/share/man/man3/FcUtf8Len.3
${DEVKIT_HOME}/target/usr/share/man/man3/FcValueSave.3
${DEVKIT_HOME}/target/usr/share/man/man3/FcMatrixShear.3
${DEVKIT_HOME}/target/usr/share/man/man3/FcStrPlus.3
${DEVKIT_HOME}/target/usr/share/man/man3/FcFreeTypeCharSet.3
${DEVKIT_HOME}/target/usr/share/man/man3/FcLangSetEqual.3
${DEVKIT_HOME}/target/usr/share/man/man3/FcLangSetAdd.3
${DEVKIT_HOME}/target/usr/share/man/man3/FcDefaultSubstitute.3
${DEVKIT_HOME}/target/usr/share/man/man3/FcValuePrint.3
${DEVKIT_HOME}/target/usr/share/man/man3/FcStrSetDel.3
${DEVKIT_HOME}/target/usr/share/man/man3/FcCacheDir.3
${DEVKIT_HOME}/target/usr/share/man/man3/FcLangSetCompare.3
${DEVKIT_HOME}/target/usr/share/man/man3/FcDirCacheLoadFile.3
${DEVKIT_HOME}/target/usr/share/man/man3/FcStrListCreate.3
${DEVKIT_HOME}/target/usr/share/man/man3/FcConfigGetConfigDirs.3
${DEVKIT_HOME}/target/usr/share/man/man3/FcCharSetDestroy.3
${DEVKIT_HOME}/target/usr/share/man/man3/FcUcs4ToUtf8.3
${DEVKIT_HOME}/target/usr/share/man/man3/FcStrSetDestroy.3
${DEVKIT_HOME}/target/usr/share/man/man3/FcLangSetContains.3
${DEVKIT_HOME}/target/usr/share/man/man3/FcPatternDel.3
${DEVKIT_HOME}/target/usr/share/man/man3/FcFontSetList.3
${DEVKIT_HOME}/target/usr/share/man/man3/FcGetLangs.3
${DEVKIT_HOME}/target/usr/share/man/man3/FcAtomicDestroy.3
${DEVKIT_HOME}/target/usr/share/man/man3/FcStrSetEqual.3
${DEVKIT_HOME}/target/usr/share/man/man3/FcConfigGetFontDirs.3
${DEVKIT_HOME}/target/usr/share/man/man3/FcAtomicUnlock.3
${DEVKIT_HOME}/target/usr/share/man/man3/FcPatternGet-Type.3
${DEVKIT_HOME}/target/usr/share/man/man3/FcPatternAdd-Type.3
${DEVKIT_HOME}/target/usr/share/man/man3/FcDirSave.3
${DEVKIT_HOME}/target/usr/share/man/man3/FcInit.3
${DEVKIT_HOME}/target/usr/share/man/man3/FcPatternRemove.3
${DEVKIT_HOME}/target/usr/share/man/man3/FcAtomicLock.3
${DEVKIT_HOME}/target/usr/share/man/man3/FcBlanksDestroy.3
${DEVKIT_HOME}/target/usr/share/man/man3/FcPatternGet.3
${DEVKIT_HOME}/target/usr/share/man/man3/FcLangSetCopy.3
${DEVKIT_HOME}/target/usr/share/man/man3/FcDirCacheUnlink.3
${DEVKIT_HOME}/target/usr/share/man/man3/FcDirCacheRead.3
${DEVKIT_HOME}/target/usr/share/man/man3/FcPatternAddWeak.3
${DEVKIT_HOME}/target/usr/share/man/man3/FcNameParse.3
${DEVKIT_HOME}/target/usr/share/man/man3/FcFontSetSortDestroy.3
${DEVKIT_HOME}/target/usr/share/man/man3/FcPatternBuild.3
${DEVKIT_HOME}/target/usr/share/man/man3/FcAtomicReplaceOrig.3
${DEVKIT_HOME}/target/usr/share/man/man3/FcConfigUptoDate.3
${DEVKIT_HOME}/target/usr/share/man/man3/FcMatrixCopy.3
${DEVKIT_HOME}/target/usr/share/man/man3/FcFreeTypeCharIndex.3
${DEVKIT_HOME}/target/usr/share/man/man3/FcNameConstant.3
${DEVKIT_HOME}/target/usr/share/man/man3/FcFontSetCreate.3
${DEVKIT_HOME}/target/usr/share/man/man3/FcPatternHash.3
${DEVKIT_HOME}/target/usr/share/man/man3/FcStrSetCreate.3
${DEVKIT_HOME}/target/usr/share/man/man3/FcCharSetNextPage.3
${DEVKIT_HOME}/target/usr/share/man/man3/FcPatternPrint.3
${DEVKIT_HOME}/target/usr/share/man/man3/FcConfigGetCurrent.3
${DEVKIT_HOME}/target/usr/share/man/man3/FcNameGetConstant.3
${DEVKIT_HOME}/target/usr/share/man/man3/FcFini.3
${DEVKIT_HOME}/target/usr/share/man/man3/FcCharSetIntersectCount.3
${DEVKIT_HOME}/target/usr/share/man/man3/FcConfigGetCache.3
${DEVKIT_HOME}/target/usr/share/man/man3/FcValueEqual.3
${DEVKIT_HOME}/target/usr/share/man/man3/FcConfigParseAndLoad.3
${DEVKIT_HOME}/target/usr/share/man/man3/FcCharSetIsSubset.3
${DEVKIT_HOME}/target/usr/share/man/man3/FcAtomicOrigFile.3
${DEVKIT_HOME}/target/usr/share/man/man3/FcCharSetIntersect.3
${DEVKIT_HOME}/target/usr/share/man/man3/FcStrDowncase.3
${DEVKIT_HOME}/target/usr/share/man/man3/FcStrCopyFilename.3
${DEVKIT_HOME}/target/usr/share/man/man3/FcToLower.3
${DEVKIT_HOME}/target/usr/share/man/man3/FcMatrixInit.3
${DEVKIT_HOME}/target/usr/share/man/man3/FcBlanksIsMember.3
${DEVKIT_HOME}/target/usr/share/man/man3/FcStrSetMember.3
${DEVKIT_HOME}/target/usr/share/man/man3/FcObjectSetAdd.3
${DEVKIT_HOME}/target/usr/share/man/man3/FcCharSetCount.3
${DEVKIT_HOME}/target/usr/share/man/man3/FcCharSetFirstPage.3
${DEVKIT_HOME}/target/usr/share/man/man3/FcFreeTypeQuery.3
${DEVKIT_HOME}/target/usr/share/man/man3/FcConfigAppFontClear.3
${DEVKIT_HOME}/target/usr/share/man/man3/FcLangSetHasLang.3
${DEVKIT_HOME}/target/usr/share/man/man3/FcStrListDone.3
${DEVKIT_HOME}/target/usr/share/man/man3/FcObjectSetCreate.3
${DEVKIT_HOME}/target/usr/share/man/man3/FcConfigBuildFonts.3
${DEVKIT_HOME}/target/usr/share/man/man3/FcBlanksAdd.3
${DEVKIT_HOME}/target/usr/share/man/man3/FcFontSetPrint.3
${DEVKIT_HOME}/target/usr/share/man/man3/FcConfigFilename.3
${DEVKIT_HOME}/target/usr/share/man/man3/FcObjectSetBuild.3
${DEVKIT_HOME}/target/usr/share/man/man3/FcGetVersion.3
${DEVKIT_HOME}/target/usr/share/man/man3/FcConfigCreate.3
${DEVKIT_HOME}/target/usr/share/man/man3/FcCharSetHasChar.3
${DEVKIT_HOME}/target/usr/share/man/man3/FcCacheNumFont.3
${DEVKIT_HOME}/target/usr/share/man/man3/FcAtomicCreate.3
${DEVKIT_HOME}/target/usr/share/man/man3/FcPatternEqual.3
${DEVKIT_HOME}/target/usr/share/man/man3/FcUtf8ToUcs4.3
${DEVKIT_HOME}/target/usr/share/man/man3/FcCacheSubdir.3
${DEVKIT_HOME}/target/usr/share/man/man3/FcInitLoadConfig.3
${DEVKIT_HOME}/target/usr/share/man/man3/FcInitReinitialize.3
${DEVKIT_HOME}/target/usr/share/man/man3/FcNameUnparse.3
${DEVKIT_HOME}/target/usr/share/man/man3/FcAtomicDeleteNew.3
${DEVKIT_HOME}/target/usr/share/man/man3/FcLangSetHash.3
${DEVKIT_HOME}/target/usr/share/man/man3/FcMatrixEqual.3
${DEVKIT_HOME}/target/usr/share/man/man1/fc-list.1
${DEVKIT_HOME}/target/usr/share/man/man1/fc-match.1
${DEVKIT_HOME}/target/usr/share/man/man1/fc-query.1
${DEVKIT_HOME}/target/usr/share/man/man1/fc-scan.1
${DEVKIT_HOME}/target/usr/share/man/man1/fc-cat.1
${DEVKIT_HOME}/target/usr/share/man/man1/fc-cache.1
${DEVKIT_HOME}/target/usr/share/man/man5/fonts-conf.5
${DEVKIT_HOME}/target/usr/include/fontconfig/fontconfig.h
${DEVKIT_HOME}/target/usr/include/fontconfig/fcprivate.h
${DEVKIT_HOME}/target/usr/include/fontconfig/fcfreetype.h
