${DEVKIT_HOME}/target/var/log/packages/freetype-2.3.9.log
${DEVKIT_HOME}/target/usr/bin/freetype-config
${DEVKIT_HOME}/target/usr/lib/libfreetype.so
${DEVKIT_HOME}/target/usr/lib/libfreetype.so.6
${DEVKIT_HOME}/target/usr/lib/libfreetype.so.6.3.20
${DEVKIT_HOME}/target/usr/lib/libfreetype.la
${DEVKIT_HOME}/target/usr/lib/libfreetype.a
${DEVKIT_HOME}/target/usr/lib/pkgconfig/freetype2.pc
${DEVKIT_HOME}/target/usr/share/aclocal/freetype2.m4
${DEVKIT_HOME}/target/usr/include/freetype2/freetype/ftgasp.h
${DEVKIT_HOME}/target/usr/include/freetype2/freetype/ttnameid.h
${DEVKIT_HOME}/target/usr/include/freetype2/freetype/ftotval.h
${DEVKIT_HOME}/target/usr/include/freetype2/freetype/ftwinfnt.h
${DEVKIT_HOME}/target/usr/include/freetype2/freetype/ftmodapi.h
${DEVKIT_HOME}/target/usr/include/freetype2/freetype/ftgxval.h
${DEVKIT_HOME}/target/usr/include/freetype2/freetype/fterrdef.h
${DEVKIT_HOME}/target/usr/include/freetype2/freetype/tttags.h
${DEVKIT_HOME}/target/usr/include/freetype2/freetype/ftsystem.h
${DEVKIT_HOME}/target/usr/include/freetype2/freetype/config/ftconfig.h
${DEVKIT_HOME}/target/usr/include/freetype2/freetype/config/ftstdlib.h
${DEVKIT_HOME}/target/usr/include/freetype2/freetype/config/ftoption.h
${DEVKIT_HOME}/target/usr/include/freetype2/freetype/config/ftheader.h
${DEVKIT_HOME}/target/usr/include/freetype2/freetype/config/ftmodule.h
${DEVKIT_HOME}/target/usr/include/freetype2/freetype/ftstroke.h
${DEVKIT_HOME}/target/usr/include/freetype2/freetype/freetype.h
${DEVKIT_HOME}/target/usr/include/freetype2/freetype/fttrigon.h
${DEVKIT_HOME}/target/usr/include/freetype2/freetype/fttypes.h
${DEVKIT_HOME}/target/usr/include/freetype2/freetype/ftrender.h
${DEVKIT_HOME}/target/usr/include/freetype2/freetype/ftbitmap.h
${DEVKIT_HOME}/target/usr/include/freetype2/freetype/ftlzw.h
${DEVKIT_HOME}/target/usr/include/freetype2/freetype/ftchapters.h
${DEVKIT_HOME}/target/usr/include/freetype2/freetype/ftpfr.h
${DEVKIT_HOME}/target/usr/include/freetype2/freetype/ftmm.h
${DEVKIT_HOME}/target/usr/include/freetype2/freetype/ftcache.h
${DEVKIT_HOME}/target/usr/include/freetype2/freetype/t1tables.h
${DEVKIT_HOME}/target/usr/include/freetype2/freetype/ftmac.h
${DEVKIT_HOME}/target/usr/include/freetype2/freetype/ftxf86.h
${DEVKIT_HOME}/target/usr/include/freetype2/freetype/ftbdf.h
${DEVKIT_HOME}/target/usr/include/freetype2/freetype/ftmoderr.h
${DEVKIT_HOME}/target/usr/include/freetype2/freetype/ftadvanc.h
${DEVKIT_HOME}/target/usr/include/freetype2/freetype/ftbbox.h
${DEVKIT_HOME}/target/usr/include/freetype2/freetype/fterrors.h
${DEVKIT_HOME}/target/usr/include/freetype2/freetype/ftsnames.h
${DEVKIT_HOME}/target/usr/include/freetype2/freetype/tttables.h
${DEVKIT_HOME}/target/usr/include/freetype2/freetype/ftlcdfil.h
${DEVKIT_HOME}/target/usr/include/freetype2/freetype/ftincrem.h
${DEVKIT_HOME}/target/usr/include/freetype2/freetype/ftglyph.h
${DEVKIT_HOME}/target/usr/include/freetype2/freetype/ftsynth.h
${DEVKIT_HOME}/target/usr/include/freetype2/freetype/ftoutln.h
${DEVKIT_HOME}/target/usr/include/freetype2/freetype/ftimage.h
${DEVKIT_HOME}/target/usr/include/freetype2/freetype/ttunpat.h
${DEVKIT_HOME}/target/usr/include/freetype2/freetype/ftlist.h
${DEVKIT_HOME}/target/usr/include/freetype2/freetype/ftsizes.h
${DEVKIT_HOME}/target/usr/include/freetype2/freetype/ftcid.h
${DEVKIT_HOME}/target/usr/include/freetype2/freetype/ftgzip.h
${DEVKIT_HOME}/target/usr/include/ft2build.h
