${DEVKIT_HOME}/target/var/log/packages/libcap-2.24.log
${DEVKIT_HOME}/target/lib/libcap.so.2.24
${DEVKIT_HOME}/target/lib/libcap.so
${DEVKIT_HOME}/target/lib/libcap.so.2
${DEVKIT_HOME}/target/lib/libcap.a
${DEVKIT_HOME}/target/sbin/setcap
${DEVKIT_HOME}/target/sbin/capsh
${DEVKIT_HOME}/target/sbin/getpcaps
${DEVKIT_HOME}/target/sbin/getcap
${DEVKIT_HOME}/target/usr/lib/pkgconfig/libcap.pc
${DEVKIT_HOME}/target/usr/share/man/man8/setcap.8
${DEVKIT_HOME}/target/usr/share/man/man8/getcap.8
${DEVKIT_HOME}/target/usr/share/man/man3/libcap.3
${DEVKIT_HOME}/target/usr/share/man/man3/cap_to_name.3
${DEVKIT_HOME}/target/usr/share/man/man3/cap_clear_flag.3
${DEVKIT_HOME}/target/usr/share/man/man3/cap_to_text.3
${DEVKIT_HOME}/target/usr/share/man/man3/cap_set_proc.3
${DEVKIT_HOME}/target/usr/share/man/man3/cap_from_name.3
${DEVKIT_HOME}/target/usr/share/man/man3/cap_get_bound.3
${DEVKIT_HOME}/target/usr/share/man/man3/cap_get_proc.3
${DEVKIT_HOME}/target/usr/share/man/man3/cap_copy_int.3
${DEVKIT_HOME}/target/usr/share/man/man3/cap_copy_ext.3
${DEVKIT_HOME}/target/usr/share/man/man3/cap_size.3
${DEVKIT_HOME}/target/usr/share/man/man3/cap_set_file.3
${DEVKIT_HOME}/target/usr/share/man/man3/cap_get_flag.3
${DEVKIT_HOME}/target/usr/share/man/man3/cap_set_flag.3
${DEVKIT_HOME}/target/usr/share/man/man3/cap_get_fd.3
${DEVKIT_HOME}/target/usr/share/man/man3/cap_get_pid.3
${DEVKIT_HOME}/target/usr/share/man/man3/cap_compare.3
${DEVKIT_HOME}/target/usr/share/man/man3/cap_set_fd.3
${DEVKIT_HOME}/target/usr/share/man/man3/cap_dup.3
${DEVKIT_HOME}/target/usr/share/man/man3/cap_clear.3
${DEVKIT_HOME}/target/usr/share/man/man3/cap_drop_bound.3
${DEVKIT_HOME}/target/usr/share/man/man3/cap_get_file.3
${DEVKIT_HOME}/target/usr/share/man/man3/cap_from_text.3
${DEVKIT_HOME}/target/usr/share/man/man3/cap_init.3
${DEVKIT_HOME}/target/usr/share/man/man3/capsetp.3
${DEVKIT_HOME}/target/usr/share/man/man3/cap_free.3
${DEVKIT_HOME}/target/usr/share/man/man3/capgetp.3
${DEVKIT_HOME}/target/usr/share/man/man1/capsh.1
${DEVKIT_HOME}/target/usr/include/sys/capability.h
