${DEVKIT_HOME}/target/var/log/packages/libpng-1.2.19.log
${DEVKIT_HOME}/target/usr/bin/libpng-config
${DEVKIT_HOME}/target/usr/bin/libpng12-config
${DEVKIT_HOME}/target/usr/lib/libpng12.a
${DEVKIT_HOME}/target/usr/lib/libpng.la
${DEVKIT_HOME}/target/usr/lib/libpng.so.3
${DEVKIT_HOME}/target/usr/lib/libpng.a
${DEVKIT_HOME}/target/usr/lib/libpng.so
${DEVKIT_HOME}/target/usr/lib/libpng12.so.0.19.0
${DEVKIT_HOME}/target/usr/lib/libpng12.so.0
${DEVKIT_HOME}/target/usr/lib/libpng12.so
${DEVKIT_HOME}/target/usr/lib/libpng12.la
${DEVKIT_HOME}/target/usr/lib/libpng.so.3.19.0
${DEVKIT_HOME}/target/usr/lib/pkgconfig/libpng12.pc
${DEVKIT_HOME}/target/usr/lib/pkgconfig/libpng.pc
${DEVKIT_HOME}/target/usr/share/man/man3/libpngpf.3
${DEVKIT_HOME}/target/usr/share/man/man3/libpng.3
${DEVKIT_HOME}/target/usr/share/man/man5/png.5
${DEVKIT_HOME}/target/usr/include/libpng12/pngconf.h
${DEVKIT_HOME}/target/usr/include/libpng12/png.h
${DEVKIT_HOME}/target/usr/include/pngconf.h
${DEVKIT_HOME}/target/usr/include/png.h
