${DEVKIT_HOME}/target/var/log/packages/mtd-utils-1.4.9.log
${DEVKIT_HOME}/target/usr/share/man/man1/mkfs.jffs2.1.gz
${DEVKIT_HOME}/target/usr/sbin/rfdformat
${DEVKIT_HOME}/target/usr/sbin/mkfs.ubifs
${DEVKIT_HOME}/target/usr/sbin/ubiattach
${DEVKIT_HOME}/target/usr/sbin/flash_unlock
${DEVKIT_HOME}/target/usr/sbin/ubirmvol
${DEVKIT_HOME}/target/usr/sbin/nandwrite
${DEVKIT_HOME}/target/usr/sbin/flash_eraseall
${DEVKIT_HOME}/target/usr/sbin/ubirename
${DEVKIT_HOME}/target/usr/sbin/nanddump
${DEVKIT_HOME}/target/usr/sbin/mtdinfo
${DEVKIT_HOME}/target/usr/sbin/nandtest
${DEVKIT_HOME}/target/usr/sbin/doc_loadbios
${DEVKIT_HOME}/target/usr/sbin/ftl_check
${DEVKIT_HOME}/target/usr/sbin/flash_otp_info
${DEVKIT_HOME}/target/usr/sbin/ubiformat
${DEVKIT_HOME}/target/usr/sbin/rfddump
${DEVKIT_HOME}/target/usr/sbin/sumtool
${DEVKIT_HOME}/target/usr/sbin/nftl_format
${DEVKIT_HOME}/target/usr/sbin/mkfs.jffs2
${DEVKIT_HOME}/target/usr/sbin/ubirsvol
${DEVKIT_HOME}/target/usr/sbin/ftl_format
${DEVKIT_HOME}/target/usr/sbin/jffs2dump
${DEVKIT_HOME}/target/usr/sbin/mtd_debug
${DEVKIT_HOME}/target/usr/sbin/serve_image
${DEVKIT_HOME}/target/usr/sbin/docfdisk
${DEVKIT_HOME}/target/usr/sbin/ubinize
${DEVKIT_HOME}/target/usr/sbin/ubiupdatevol
${DEVKIT_HOME}/target/usr/sbin/nftldump
${DEVKIT_HOME}/target/usr/sbin/recv_image
${DEVKIT_HOME}/target/usr/sbin/flash_erase
${DEVKIT_HOME}/target/usr/sbin/jffs2reader
${DEVKIT_HOME}/target/usr/sbin/flashcp
${DEVKIT_HOME}/target/usr/sbin/ubinfo
${DEVKIT_HOME}/target/usr/sbin/ubicrc32
${DEVKIT_HOME}/target/usr/sbin/flash_lock
${DEVKIT_HOME}/target/usr/sbin/ubimkvol
${DEVKIT_HOME}/target/usr/sbin/ubidetach
${DEVKIT_HOME}/target/usr/sbin/flash_otp_dump
