${DEVKIT_HOME}/target/var/log/packages/parted-3.2.log
${DEVKIT_HOME}/target/usr/lib/libparted.so.2.0.1
${DEVKIT_HOME}/target/usr/lib/libparted-fs-resize.a
${DEVKIT_HOME}/target/usr/lib/libparted.so.2
${DEVKIT_HOME}/target/usr/lib/libparted-fs-resize.so.0
${DEVKIT_HOME}/target/usr/lib/libparted.la
${DEVKIT_HOME}/target/usr/lib/libparted.a
${DEVKIT_HOME}/target/usr/lib/libparted.so
${DEVKIT_HOME}/target/usr/lib/libparted-fs-resize.la
${DEVKIT_HOME}/target/usr/lib/libparted-fs-resize.so
${DEVKIT_HOME}/target/usr/lib/libparted-fs-resize.so.0.0.1
${DEVKIT_HOME}/target/usr/lib/pkgconfig/libparted.pc
${DEVKIT_HOME}/target/usr/share/locale/ca/LC_MESSAGES/parted.mo
${DEVKIT_HOME}/target/usr/share/locale/uk/LC_MESSAGES/parted.mo
${DEVKIT_HOME}/target/usr/share/locale/nn/LC_MESSAGES/parted.mo
${DEVKIT_HOME}/target/usr/share/locale/id/LC_MESSAGES/parted.mo
${DEVKIT_HOME}/target/usr/share/locale/cs/LC_MESSAGES/parted.mo
${DEVKIT_HOME}/target/usr/share/locale/sl/LC_MESSAGES/parted.mo
${DEVKIT_HOME}/target/usr/share/locale/sv/LC_MESSAGES/parted.mo
${DEVKIT_HOME}/target/usr/share/locale/es/LC_MESSAGES/parted.mo
${DEVKIT_HOME}/target/usr/share/locale/ru/LC_MESSAGES/parted.mo
${DEVKIT_HOME}/target/usr/share/locale/sr/LC_MESSAGES/parted.mo
${DEVKIT_HOME}/target/usr/share/locale/pt_BR/LC_MESSAGES/parted.mo
${DEVKIT_HOME}/target/usr/share/locale/de/LC_MESSAGES/parted.mo
${DEVKIT_HOME}/target/usr/share/locale/tr/LC_MESSAGES/parted.mo
${DEVKIT_HOME}/target/usr/share/locale/zh_TW/LC_MESSAGES/parted.mo
${DEVKIT_HOME}/target/usr/share/locale/it/LC_MESSAGES/parted.mo
${DEVKIT_HOME}/target/usr/share/locale/ja/LC_MESSAGES/parted.mo
${DEVKIT_HOME}/target/usr/share/locale/ro/LC_MESSAGES/parted.mo
${DEVKIT_HOME}/target/usr/share/locale/nl/LC_MESSAGES/parted.mo
${DEVKIT_HOME}/target/usr/share/locale/fr/LC_MESSAGES/parted.mo
${DEVKIT_HOME}/target/usr/share/locale/vi/LC_MESSAGES/parted.mo
${DEVKIT_HOME}/target/usr/share/locale/rw/LC_MESSAGES/parted.mo
${DEVKIT_HOME}/target/usr/share/locale/pt/LC_MESSAGES/parted.mo
${DEVKIT_HOME}/target/usr/share/locale/gl/LC_MESSAGES/parted.mo
${DEVKIT_HOME}/target/usr/share/locale/da/LC_MESSAGES/parted.mo
${DEVKIT_HOME}/target/usr/share/locale/pl/LC_MESSAGES/parted.mo
${DEVKIT_HOME}/target/usr/share/locale/sk/LC_MESSAGES/parted.mo
${DEVKIT_HOME}/target/usr/share/locale/zh_CN/LC_MESSAGES/parted.mo
${DEVKIT_HOME}/target/usr/share/man/man8/partprobe.8
${DEVKIT_HOME}/target/usr/share/man/man8/parted.8
${DEVKIT_HOME}/target/usr/share/info/parted.info
${DEVKIT_HOME}/target/usr/share/info/dir
${DEVKIT_HOME}/target/usr/sbin/parted
${DEVKIT_HOME}/target/usr/sbin/partprobe
${DEVKIT_HOME}/target/usr/include/parted/disk.h
${DEVKIT_HOME}/target/usr/include/parted/debug.h
${DEVKIT_HOME}/target/usr/include/parted/constraint.h
${DEVKIT_HOME}/target/usr/include/parted/timer.h
${DEVKIT_HOME}/target/usr/include/parted/exception.h
${DEVKIT_HOME}/target/usr/include/parted/device.h
${DEVKIT_HOME}/target/usr/include/parted/filesys.h
${DEVKIT_HOME}/target/usr/include/parted/parted.h
${DEVKIT_HOME}/target/usr/include/parted/geom.h
${DEVKIT_HOME}/target/usr/include/parted/natmath.h
${DEVKIT_HOME}/target/usr/include/parted/unit.h
