${DEVKIT_HOME}/target/var/log/packages/rpcsrv2d-1.1.7.log
${DEVKIT_HOME}/target/etc/directfbrc.rpcsrv2d
${DEVKIT_HOME}/target/usr/bin/rpcsrv2d
${DEVKIT_HOME}/target/usr/lib/libdsrpc.so.0
${DEVKIT_HOME}/target/usr/lib/libeswin.la
${DEVKIT_HOME}/target/usr/lib/libdfwin.so
${DEVKIT_HOME}/target/usr/lib/libeswin.so.0
${DEVKIT_HOME}/target/usr/lib/libdsrpc.la
${DEVKIT_HOME}/target/usr/lib/libdfwin.la
${DEVKIT_HOME}/target/usr/lib/libeswin.so
${DEVKIT_HOME}/target/usr/lib/libdsrpc.so
${DEVKIT_HOME}/target/usr/lib/libdfwin.so.0
${DEVKIT_HOME}/target/usr/lib/libdfwin.so.0.0.0
${DEVKIT_HOME}/target/usr/lib/libeswin.so.0.0.0
${DEVKIT_HOME}/target/usr/lib/libdsrpc.so.0.0.0
${DEVKIT_HOME}/target/usr/share/rpcsrv2d/rpcsrv2d.ini
${DEVKIT_HOME}/target/usr/include/dfwin/vstring.h
${DEVKIT_HOME}/target/usr/include/dfwin/sysinfo.h
${DEVKIT_HOME}/target/usr/include/dfwin/vpopen.h
${DEVKIT_HOME}/target/usr/include/dfwin/widget.h
${DEVKIT_HOME}/target/usr/include/dfwin/window.h
${DEVKIT_HOME}/target/usr/include/dsrpc/dsrpc.h
${DEVKIT_HOME}/target/usr/include/eswin/eswin_plg.h
${DEVKIT_HOME}/target/usr/include/eswin/eswin_tck.h
${DEVKIT_HOME}/target/usr/include/eswin/eswin_rpc.h
${DEVKIT_HOME}/target/usr/include/eswin/eswin_pic.h
${DEVKIT_HOME}/target/usr/include/eswin/eswin.h
