${DEVKIT_HOME}/target/var/log/packages/udev-164.log
${DEVKIT_HOME}/target/lib/libudev.so
${DEVKIT_HOME}/target/lib/libudev.so.0.9.3
${DEVKIT_HOME}/target/lib/libudev.la
${DEVKIT_HOME}/target/lib/udev/path_id
${DEVKIT_HOME}/target/lib/udev/v4l_id
${DEVKIT_HOME}/target/lib/udev/cdrom_id
${DEVKIT_HOME}/target/lib/udev/firmware
${DEVKIT_HOME}/target/lib/udev/collect
${DEVKIT_HOME}/target/lib/udev/ata_id
${DEVKIT_HOME}/target/lib/udev/input_id
${DEVKIT_HOME}/target/lib/udev/edd_id
${DEVKIT_HOME}/target/lib/udev/write_net_rules
${DEVKIT_HOME}/target/lib/udev/scsi_id
${DEVKIT_HOME}/target/lib/udev/create_floppy_devices
${DEVKIT_HOME}/target/lib/udev/usb_id
${DEVKIT_HOME}/target/lib/udev/write_cd_rules
${DEVKIT_HOME}/target/lib/udev/rule_generator.functions
${DEVKIT_HOME}/target/lib/udev/fstab_import
${DEVKIT_HOME}/target/lib/libudev.so.0
${DEVKIT_HOME}/target/lib/pkgconfig/libudev.pc
${DEVKIT_HOME}/target/sbin/udevadm
${DEVKIT_HOME}/target/sbin/udevd
${DEVKIT_HOME}/target/etc/udev/rules.d/75-persistent-net-generator.rules
${DEVKIT_HOME}/target/etc/udev/rules.d/61-persistent-storage-edd.rules
${DEVKIT_HOME}/target/etc/udev/rules.d/50-firmware.rules
${DEVKIT_HOME}/target/etc/udev/rules.d/60-persistent-serial.rules
${DEVKIT_HOME}/target/etc/udev/rules.d/95-udev-late.rules
${DEVKIT_HOME}/target/etc/udev/rules.d/79-fstab_import.rules
${DEVKIT_HOME}/target/etc/udev/rules.d/50-udev-default.rules
${DEVKIT_HOME}/target/etc/udev/rules.d/60-floppy.rules
${DEVKIT_HOME}/target/etc/udev/rules.d/80-drivers.rules
${DEVKIT_HOME}/target/etc/udev/rules.d/60-persistent-v4l.rules
${DEVKIT_HOME}/target/etc/udev/rules.d/60-persistent-input.rules
${DEVKIT_HOME}/target/etc/udev/rules.d/60-cdrom_id.rules
${DEVKIT_HOME}/target/etc/udev/rules.d/60-persistent-alsa.rules
${DEVKIT_HOME}/target/etc/udev/rules.d/75-cd-aliases-generator.rules
${DEVKIT_HOME}/target/etc/udev/rules.d/60-persistent-storage-tape.rules
${DEVKIT_HOME}/target/etc/udev/rules.d/60-persistent-storage.rules
${DEVKIT_HOME}/target/etc/udev/udev.conf
${DEVKIT_HOME}/target/usr/share/man/man8/scsi_id.8
${DEVKIT_HOME}/target/usr/share/man/man8/udevd.8
${DEVKIT_HOME}/target/usr/share/man/man8/udevadm.8
${DEVKIT_HOME}/target/usr/share/man/man7/udev.7
${DEVKIT_HOME}/target/usr/share/gtk-doc/html/libudev/left.png
${DEVKIT_HOME}/target/usr/share/gtk-doc/html/libudev/libudev.devhelp2
${DEVKIT_HOME}/target/usr/share/gtk-doc/html/libudev/libudev-udev.html
${DEVKIT_HOME}/target/usr/share/gtk-doc/html/libudev/libudev-udev-list.html
${DEVKIT_HOME}/target/usr/share/gtk-doc/html/libudev/libudev-udev-queue.html
${DEVKIT_HOME}/target/usr/share/gtk-doc/html/libudev/libudev.devhelp
${DEVKIT_HOME}/target/usr/share/gtk-doc/html/libudev/index.html
${DEVKIT_HOME}/target/usr/share/gtk-doc/html/libudev/libudev-udev-enumerate.html
${DEVKIT_HOME}/target/usr/share/gtk-doc/html/libudev/libudev-udev-device.html
${DEVKIT_HOME}/target/usr/share/gtk-doc/html/libudev/right.png
${DEVKIT_HOME}/target/usr/share/gtk-doc/html/libudev/ch01.html
${DEVKIT_HOME}/target/usr/share/gtk-doc/html/libudev/api-index-full.html
${DEVKIT_HOME}/target/usr/share/gtk-doc/html/libudev/style.css
${DEVKIT_HOME}/target/usr/share/gtk-doc/html/libudev/up.png
${DEVKIT_HOME}/target/usr/share/gtk-doc/html/libudev/libudev-udev-monitor.html
${DEVKIT_HOME}/target/usr/share/gtk-doc/html/libudev/index.sgml
${DEVKIT_HOME}/target/usr/share/gtk-doc/html/libudev/home.png
${DEVKIT_HOME}/target/usr/share/pkgconfig/udev.pc
${DEVKIT_HOME}/target/usr/include/libudev.h
