${DEVKIT_HOME}/target/bin/setarch
${DEVKIT_HOME}/target/bin/column
${DEVKIT_HOME}/target/bin/flock
${DEVKIT_HOME}/target/bin/logger
${DEVKIT_HOME}/target/bin/ul
${DEVKIT_HOME}/target/bin/chkdupexe
${DEVKIT_HOME}/target/bin/ddate
${DEVKIT_HOME}/target/bin/more
${DEVKIT_HOME}/target/bin/chrt
${DEVKIT_HOME}/target/bin/ionice
${DEVKIT_HOME}/target/bin/line
${DEVKIT_HOME}/target/bin/colrm
${DEVKIT_HOME}/target/bin/linux32
${DEVKIT_HOME}/target/bin/scriptreplay
${DEVKIT_HOME}/target/bin/umount
${DEVKIT_HOME}/target/bin/cytune
${DEVKIT_HOME}/target/bin/setsid
${DEVKIT_HOME}/target/bin/look
${DEVKIT_HOME}/target/bin/namei
${DEVKIT_HOME}/target/bin/uuidgen
${DEVKIT_HOME}/target/bin/whereis
${DEVKIT_HOME}/target/bin/cal
${DEVKIT_HOME}/target/bin/unshare
${DEVKIT_HOME}/target/bin/wall
${DEVKIT_HOME}/target/bin/lsblk
${DEVKIT_HOME}/target/bin/mcookie
${DEVKIT_HOME}/target/bin/linux64
${DEVKIT_HOME}/target/bin/pg
${DEVKIT_HOME}/target/bin/ipcs
${DEVKIT_HOME}/target/bin/findmnt
${DEVKIT_HOME}/target/bin/col
${DEVKIT_HOME}/target/bin/lscpu
${DEVKIT_HOME}/target/bin/rename
${DEVKIT_HOME}/target/bin/mount
${DEVKIT_HOME}/target/bin/ipcrm
${DEVKIT_HOME}/target/bin/getopt
${DEVKIT_HOME}/target/bin/ipcmk
${DEVKIT_HOME}/target/bin/setterm
${DEVKIT_HOME}/target/bin/hexdump
${DEVKIT_HOME}/target/bin/rev
${DEVKIT_HOME}/target/bin/colcrt
${DEVKIT_HOME}/target/bin/tailf
${DEVKIT_HOME}/target/bin/taskset
${DEVKIT_HOME}/target/bin/dmesg
${DEVKIT_HOME}/target/bin/isosize
${DEVKIT_HOME}/target/bin/fallocate
${DEVKIT_HOME}/target/bin/renice
${DEVKIT_HOME}/target/bin/script
${DEVKIT_HOME}/target/var/log/packages/util-linux-2.19.1.log
${DEVKIT_HOME}/target/lib/libblkid.so
${DEVKIT_HOME}/target/lib/libblkid.la
${DEVKIT_HOME}/target/lib/libmount.la
${DEVKIT_HOME}/target/lib/libmount.a
${DEVKIT_HOME}/target/lib/libblkid.so.1.1.0
${DEVKIT_HOME}/target/lib/libuuid.a
${DEVKIT_HOME}/target/lib/libmount.so.1.1.0
${DEVKIT_HOME}/target/lib/libblkid.so.1
${DEVKIT_HOME}/target/lib/libblkid.a
${DEVKIT_HOME}/target/lib/libmount.so
${DEVKIT_HOME}/target/lib/libuuid.la
${DEVKIT_HOME}/target/lib/libuuid.so.1
${DEVKIT_HOME}/target/lib/libuuid.so
${DEVKIT_HOME}/target/lib/libuuid.so.1.3.0
${DEVKIT_HOME}/target/lib/libmount.so.1
${DEVKIT_HOME}/target/lib/pkgconfig/blkid.pc
${DEVKIT_HOME}/target/lib/pkgconfig/uuid.pc
${DEVKIT_HOME}/target/lib/pkgconfig/mount.pc
${DEVKIT_HOME}/target/sbin/delpart
${DEVKIT_HOME}/target/sbin/swapoff
${DEVKIT_HOME}/target/sbin/mkfs.bfs
${DEVKIT_HOME}/target/sbin/fdformat
${DEVKIT_HOME}/target/sbin/findfs
${DEVKIT_HOME}/target/sbin/fsck.minix
${DEVKIT_HOME}/target/sbin/fsfreeze
${DEVKIT_HOME}/target/sbin/tunelp
${DEVKIT_HOME}/target/sbin/mkfs.cramfs
${DEVKIT_HOME}/target/sbin/hwclock
${DEVKIT_HOME}/target/sbin/fsck.cramfs
${DEVKIT_HOME}/target/sbin/pivot_root
${DEVKIT_HOME}/target/sbin/addpart
${DEVKIT_HOME}/target/sbin/mkfs.minix
${DEVKIT_HOME}/target/sbin/blockdev
${DEVKIT_HOME}/target/sbin/readprofile
${DEVKIT_HOME}/target/sbin/switch_root
${DEVKIT_HOME}/target/sbin/ctrlaltdel
${DEVKIT_HOME}/target/sbin/fsck
${DEVKIT_HOME}/target/sbin/fdisk
${DEVKIT_HOME}/target/sbin/swaplabel
${DEVKIT_HOME}/target/sbin/agetty
${DEVKIT_HOME}/target/sbin/fstrim
${DEVKIT_HOME}/target/sbin/mkswap
${DEVKIT_HOME}/target/sbin/swapon
${DEVKIT_HOME}/target/sbin/cfdisk
${DEVKIT_HOME}/target/sbin/rtcwake
${DEVKIT_HOME}/target/sbin/losetup
${DEVKIT_HOME}/target/sbin/mkfs
${DEVKIT_HOME}/target/sbin/sfdisk
${DEVKIT_HOME}/target/sbin/uuidd
${DEVKIT_HOME}/target/sbin/wipefs
${DEVKIT_HOME}/target/sbin/blkid
${DEVKIT_HOME}/target/sbin/ldattach
${DEVKIT_HOME}/target/usr/share/locale/ca/LC_MESSAGES/util-linux.mo
${DEVKIT_HOME}/target/usr/share/locale/uk/LC_MESSAGES/util-linux.mo
${DEVKIT_HOME}/target/usr/share/locale/id/LC_MESSAGES/util-linux.mo
${DEVKIT_HOME}/target/usr/share/locale/cs/LC_MESSAGES/util-linux.mo
${DEVKIT_HOME}/target/usr/share/locale/sl/LC_MESSAGES/util-linux.mo
${DEVKIT_HOME}/target/usr/share/locale/hu/LC_MESSAGES/util-linux.mo
${DEVKIT_HOME}/target/usr/share/locale/sv/LC_MESSAGES/util-linux.mo
${DEVKIT_HOME}/target/usr/share/locale/es/LC_MESSAGES/util-linux.mo
${DEVKIT_HOME}/target/usr/share/locale/ru/LC_MESSAGES/util-linux.mo
${DEVKIT_HOME}/target/usr/share/locale/et/LC_MESSAGES/util-linux.mo
${DEVKIT_HOME}/target/usr/share/locale/pt_BR/LC_MESSAGES/util-linux.mo
${DEVKIT_HOME}/target/usr/share/locale/de/LC_MESSAGES/util-linux.mo
${DEVKIT_HOME}/target/usr/share/locale/tr/LC_MESSAGES/util-linux.mo
${DEVKIT_HOME}/target/usr/share/locale/zh_TW/LC_MESSAGES/util-linux.mo
${DEVKIT_HOME}/target/usr/share/locale/it/LC_MESSAGES/util-linux.mo
${DEVKIT_HOME}/target/usr/share/locale/ja/LC_MESSAGES/util-linux.mo
${DEVKIT_HOME}/target/usr/share/locale/eu/LC_MESSAGES/util-linux.mo
${DEVKIT_HOME}/target/usr/share/locale/nl/LC_MESSAGES/util-linux.mo
${DEVKIT_HOME}/target/usr/share/locale/fr/LC_MESSAGES/util-linux.mo
${DEVKIT_HOME}/target/usr/share/locale/vi/LC_MESSAGES/util-linux.mo
${DEVKIT_HOME}/target/usr/share/locale/fi/LC_MESSAGES/util-linux.mo
${DEVKIT_HOME}/target/usr/share/locale/gl/LC_MESSAGES/util-linux.mo
${DEVKIT_HOME}/target/usr/share/locale/da/LC_MESSAGES/util-linux.mo
${DEVKIT_HOME}/target/usr/share/locale/pl/LC_MESSAGES/util-linux.mo
${DEVKIT_HOME}/target/usr/share/locale/zh_CN/LC_MESSAGES/util-linux.mo
${DEVKIT_HOME}/target/usr/share/man/man8/mkfs.8
${DEVKIT_HOME}/target/usr/share/man/man8/losetup.8
${DEVKIT_HOME}/target/usr/share/man/man8/isosize.8
${DEVKIT_HOME}/target/usr/share/man/man8/swaplabel.8
${DEVKIT_HOME}/target/usr/share/man/man8/cytune.8
${DEVKIT_HOME}/target/usr/share/man/man8/mkfs.bfs.8
${DEVKIT_HOME}/target/usr/share/man/man8/blockdev.8
${DEVKIT_HOME}/target/usr/share/man/man8/linux32.8
${DEVKIT_HOME}/target/usr/share/man/man8/fsck.minix.8
${DEVKIT_HOME}/target/usr/share/man/man8/findmnt.8
${DEVKIT_HOME}/target/usr/share/man/man8/fdisk.8
${DEVKIT_HOME}/target/usr/share/man/man8/addpart.8
${DEVKIT_HOME}/target/usr/share/man/man8/rtcwake.8
${DEVKIT_HOME}/target/usr/share/man/man8/agetty.8
${DEVKIT_HOME}/target/usr/share/man/man8/swapon.8
${DEVKIT_HOME}/target/usr/share/man/man8/umount.8
${DEVKIT_HOME}/target/usr/share/man/man8/pivot_root.8
${DEVKIT_HOME}/target/usr/share/man/man8/blkid.8
${DEVKIT_HOME}/target/usr/share/man/man8/mount.8
${DEVKIT_HOME}/target/usr/share/man/man8/mkfs.minix.8
${DEVKIT_HOME}/target/usr/share/man/man8/mkswap.8
${DEVKIT_HOME}/target/usr/share/man/man8/setarch.8
${DEVKIT_HOME}/target/usr/share/man/man8/wipefs.8
${DEVKIT_HOME}/target/usr/share/man/man8/ctrlaltdel.8
${DEVKIT_HOME}/target/usr/share/man/man8/swapoff.8
${DEVKIT_HOME}/target/usr/share/man/man8/hwclock.8
${DEVKIT_HOME}/target/usr/share/man/man8/uuidd.8
${DEVKIT_HOME}/target/usr/share/man/man8/findfs.8
${DEVKIT_HOME}/target/usr/share/man/man8/tunelp.8
${DEVKIT_HOME}/target/usr/share/man/man8/sfdisk.8
${DEVKIT_HOME}/target/usr/share/man/man8/fsck.8
${DEVKIT_HOME}/target/usr/share/man/man8/cfdisk.8
${DEVKIT_HOME}/target/usr/share/man/man8/delpart.8
${DEVKIT_HOME}/target/usr/share/man/man8/fstrim.8
${DEVKIT_HOME}/target/usr/share/man/man8/fdformat.8
${DEVKIT_HOME}/target/usr/share/man/man8/fsfreeze.8
${DEVKIT_HOME}/target/usr/share/man/man8/linux64.8
${DEVKIT_HOME}/target/usr/share/man/man8/ldattach.8
${DEVKIT_HOME}/target/usr/share/man/man8/lsblk.8
${DEVKIT_HOME}/target/usr/share/man/man8/switch_root.8
${DEVKIT_HOME}/target/usr/share/man/man3/uuid_generate_random.3
${DEVKIT_HOME}/target/usr/share/man/man3/uuid_time.3
${DEVKIT_HOME}/target/usr/share/man/man3/uuid_unparse.3
${DEVKIT_HOME}/target/usr/share/man/man3/uuid.3
${DEVKIT_HOME}/target/usr/share/man/man3/uuid_is_null.3
${DEVKIT_HOME}/target/usr/share/man/man3/uuid_copy.3
${DEVKIT_HOME}/target/usr/share/man/man3/uuid_parse.3
${DEVKIT_HOME}/target/usr/share/man/man3/uuid_compare.3
${DEVKIT_HOME}/target/usr/share/man/man3/uuid_generate.3
${DEVKIT_HOME}/target/usr/share/man/man3/uuid_clear.3
${DEVKIT_HOME}/target/usr/share/man/man3/libblkid.3
${DEVKIT_HOME}/target/usr/share/man/man3/uuid_generate_time.3
${DEVKIT_HOME}/target/usr/share/man/ru/man1/ddate.1
${DEVKIT_HOME}/target/usr/share/man/man1/scriptreplay.1
${DEVKIT_HOME}/target/usr/share/man/man1/chrt.1
${DEVKIT_HOME}/target/usr/share/man/man1/ipcmk.1
${DEVKIT_HOME}/target/usr/share/man/man1/rev.1
${DEVKIT_HOME}/target/usr/share/man/man1/ipcs.1
${DEVKIT_HOME}/target/usr/share/man/man1/column.1
${DEVKIT_HOME}/target/usr/share/man/man1/hexdump.1
${DEVKIT_HOME}/target/usr/share/man/man1/readprofile.1
${DEVKIT_HOME}/target/usr/share/man/man1/unshare.1
${DEVKIT_HOME}/target/usr/share/man/man1/ddate.1
${DEVKIT_HOME}/target/usr/share/man/man1/taskset.1
${DEVKIT_HOME}/target/usr/share/man/man1/renice.1
${DEVKIT_HOME}/target/usr/share/man/man1/pg.1
${DEVKIT_HOME}/target/usr/share/man/man1/uuidgen.1
${DEVKIT_HOME}/target/usr/share/man/man1/setterm.1
${DEVKIT_HOME}/target/usr/share/man/man1/mcookie.1
${DEVKIT_HOME}/target/usr/share/man/man1/more.1
${DEVKIT_HOME}/target/usr/share/man/man1/colrm.1
${DEVKIT_HOME}/target/usr/share/man/man1/lscpu.1
${DEVKIT_HOME}/target/usr/share/man/man1/script.1
${DEVKIT_HOME}/target/usr/share/man/man1/cal.1
${DEVKIT_HOME}/target/usr/share/man/man1/ipcrm.1
${DEVKIT_HOME}/target/usr/share/man/man1/dmesg.1
${DEVKIT_HOME}/target/usr/share/man/man1/line.1
${DEVKIT_HOME}/target/usr/share/man/man1/rename.1
${DEVKIT_HOME}/target/usr/share/man/man1/flock.1
${DEVKIT_HOME}/target/usr/share/man/man1/fallocate.1
${DEVKIT_HOME}/target/usr/share/man/man1/ul.1
${DEVKIT_HOME}/target/usr/share/man/man1/col.1
${DEVKIT_HOME}/target/usr/share/man/man1/chkdupexe.1
${DEVKIT_HOME}/target/usr/share/man/man1/getopt.1
${DEVKIT_HOME}/target/usr/share/man/man1/whereis.1
${DEVKIT_HOME}/target/usr/share/man/man1/look.1
${DEVKIT_HOME}/target/usr/share/man/man1/tailf.1
${DEVKIT_HOME}/target/usr/share/man/man1/logger.1
${DEVKIT_HOME}/target/usr/share/man/man1/setsid.1
${DEVKIT_HOME}/target/usr/share/man/man1/wall.1
${DEVKIT_HOME}/target/usr/share/man/man1/colcrt.1
${DEVKIT_HOME}/target/usr/share/man/man1/namei.1
${DEVKIT_HOME}/target/usr/share/man/man1/ionice.1
${DEVKIT_HOME}/target/usr/share/man/man5/fstab.5
${DEVKIT_HOME}/target/usr/share/getopt/getopt-test.bash
${DEVKIT_HOME}/target/usr/share/getopt/getopt-parse.bash
${DEVKIT_HOME}/target/usr/share/getopt/getopt-test.tcsh
${DEVKIT_HOME}/target/usr/share/getopt/getopt-parse.tcsh
${DEVKIT_HOME}/target/usr/include/uuid/uuid.h
${DEVKIT_HOME}/target/usr/include/libmount/libmount.h
${DEVKIT_HOME}/target/usr/include/blkid/blkid.h
